{"numTotalTestSuites":165,"numPassedTestSuites":125,"numFailedTestSuites":40,"numPendingTestSuites":0,"numTotalTests":624,"numPassedTests":531,"numFailedTests":93,"numPendingTests":0,"numTodoTests":0,"snapshot":{"added":0,"failure":false,"filesAdded":0,"filesRemoved":0,"filesRemovedList":[],"filesUnmatched":0,"filesUpdated":0,"matched":0,"total":0,"unchecked":0,"uncheckedKeysByFile":[],"unmatched":0,"updated":0,"didUpdate":false},"startTime":1767007103899,"success":false,"testResults":[{"assertionResults":[{"ancestorTitles":["toSafeHtml"],"fullName":"toSafeHtml removes scripts","status":"passed","title":"removes scripts","duration":2.7931669999999826,"failureMessages":[],"meta":{}},{"ancestorTitles":["toSafeHtml"],"fullName":"toSafeHtml renders markdown safely","status":"passed","title":"renders markdown safely","duration":10.698166999999955,"failureMessages":[],"meta":{}}],"startTime":1767007105588,"endTime":1767007105601.6982,"status":"passed","message":"","name":"/Volumes/SSD/dev/new/ai-news/web/src/lib/content.test.ts"},{"assertionResults":[{"ancestorTitles":["entity extraction","extractCompanies"],"fullName":"entity extraction extractCompanies extracts common tech companies","status":"failed","title":"extracts common tech companies","duration":3.755416999999966,"failureMessages":["TypeError: __vite_ssr_import_1__.extractCompanies is not a function\n    at /Volumes/SSD/dev/new/ai-news/web/src/lib/entities.test.ts:22:25\n    at file:///Volumes/SSD/dev/new/ai-news/web/node_modules/@vitest/runner/dist/index.js:146:14\n    at file:///Volumes/SSD/dev/new/ai-news/web/node_modules/@vitest/runner/dist/index.js:533:11\n    at runWithTimeout (file:///Volumes/SSD/dev/new/ai-news/web/node_modules/@vitest/runner/dist/index.js:39:7)\n    at runTest (file:///Volumes/SSD/dev/new/ai-news/web/node_modules/@vitest/runner/dist/index.js:1056:17)\n    at processTicksAndRejections (node:internal/process/task_queues:105:5)\n    at runSuite (file:///Volumes/SSD/dev/new/ai-news/web/node_modules/@vitest/runner/dist/index.js:1205:15)\n    at runSuite (file:///Volumes/SSD/dev/new/ai-news/web/node_modules/@vitest/runner/dist/index.js:1205:15)\n    at runSuite (file:///Volumes/SSD/dev/new/ai-news/web/node_modules/@vitest/runner/dist/index.js:1205:15)\n    at runFiles (file:///Volumes/SSD/dev/new/ai-news/web/node_modules/@vitest/runner/dist/index.js:1262:5)"],"meta":{}},{"ancestorTitles":["entity extraction","extractCompanies"],"fullName":"entity extraction extractCompanies extracts companies with variations","status":"failed","title":"extracts companies with variations","duration":0.182124999999985,"failureMessages":["TypeError: __vite_ssr_import_1__.extractCompanies is not a function\n    at /Volumes/SSD/dev/new/ai-news/web/src/lib/entities.test.ts:32:25\n    at file:///Volumes/SSD/dev/new/ai-news/web/node_modules/@vitest/runner/dist/index.js:146:14\n    at file:///Volumes/SSD/dev/new/ai-news/web/node_modules/@vitest/runner/dist/index.js:533:11\n    at runWithTimeout (file:///Volumes/SSD/dev/new/ai-news/web/node_modules/@vitest/runner/dist/index.js:39:7)\n    at runTest (file:///Volumes/SSD/dev/new/ai-news/web/node_modules/@vitest/runner/dist/index.js:1056:17)\n    at processTicksAndRejections (node:internal/process/task_queues:105:5)\n    at runSuite (file:///Volumes/SSD/dev/new/ai-news/web/node_modules/@vitest/runner/dist/index.js:1205:15)\n    at runSuite (file:///Volumes/SSD/dev/new/ai-news/web/node_modules/@vitest/runner/dist/index.js:1205:15)\n    at runSuite (file:///Volumes/SSD/dev/new/ai-news/web/node_modules/@vitest/runner/dist/index.js:1205:15)\n    at runFiles (file:///Volumes/SSD/dev/new/ai-news/web/node_modules/@vitest/runner/dist/index.js:1262:5)"],"meta":{}},{"ancestorTitles":["entity extraction","extractCompanies"],"fullName":"entity extraction extractCompanies extracts lowercase company names","status":"failed","title":"extracts lowercase company names","duration":0.119041999999979,"failureMessages":["TypeError: __vite_ssr_import_1__.extractCompanies is not a function\n    at /Volumes/SSD/dev/new/ai-news/web/src/lib/entities.test.ts:41:25\n    at file:///Volumes/SSD/dev/new/ai-news/web/node_modules/@vitest/runner/dist/index.js:146:14\n    at file:///Volumes/SSD/dev/new/ai-news/web/node_modules/@vitest/runner/dist/index.js:533:11\n    at runWithTimeout (file:///Volumes/SSD/dev/new/ai-news/web/node_modules/@vitest/runner/dist/index.js:39:7)\n    at runTest (file:///Volumes/SSD/dev/new/ai-news/web/node_modules/@vitest/runner/dist/index.js:1056:17)\n    at processTicksAndRejections (node:internal/process/task_queues:105:5)\n    at runSuite (file:///Volumes/SSD/dev/new/ai-news/web/node_modules/@vitest/runner/dist/index.js:1205:15)\n    at runSuite (file:///Volumes/SSD/dev/new/ai-news/web/node_modules/@vitest/runner/dist/index.js:1205:15)\n    at runSuite (file:///Volumes/SSD/dev/new/ai-news/web/node_modules/@vitest/runner/dist/index.js:1205:15)\n    at runFiles (file:///Volumes/SSD/dev/new/ai-news/web/node_modules/@vitest/runner/dist/index.js:1262:5)"],"meta":{}},{"ancestorTitles":["entity extraction","extractCompanies"],"fullName":"entity extraction extractCompanies handles text with no companies","status":"failed","title":"handles text with no companies","duration":0.23112499999996317,"failureMessages":["TypeError: __vite_ssr_import_1__.extractCompanies is not a function\n    at /Volumes/SSD/dev/new/ai-news/web/src/lib/entities.test.ts:49:25\n    at file:///Volumes/SSD/dev/new/ai-news/web/node_modules/@vitest/runner/dist/index.js:146:14\n    at file:///Volumes/SSD/dev/new/ai-news/web/node_modules/@vitest/runner/dist/index.js:533:11\n    at runWithTimeout (file:///Volumes/SSD/dev/new/ai-news/web/node_modules/@vitest/runner/dist/index.js:39:7)\n    at runTest (file:///Volumes/SSD/dev/new/ai-news/web/node_modules/@vitest/runner/dist/index.js:1056:17)\n    at processTicksAndRejections (node:internal/process/task_queues:105:5)\n    at runSuite (file:///Volumes/SSD/dev/new/ai-news/web/node_modules/@vitest/runner/dist/index.js:1205:15)\n    at runSuite (file:///Volumes/SSD/dev/new/ai-news/web/node_modules/@vitest/runner/dist/index.js:1205:15)\n    at runSuite (file:///Volumes/SSD/dev/new/ai-news/web/node_modules/@vitest/runner/dist/index.js:1205:15)\n    at runFiles (file:///Volumes/SSD/dev/new/ai-news/web/node_modules/@vitest/runner/dist/index.js:1262:5)"],"meta":{}},{"ancestorTitles":["entity extraction","extractCompanies"],"fullName":"entity extraction extractCompanies deduplicates companies","status":"failed","title":"deduplicates companies","duration":0.21162500000002638,"failureMessages":["TypeError: __vite_ssr_import_1__.extractCompanies is not a function\n    at /Volumes/SSD/dev/new/ai-news/web/src/lib/entities.test.ts:56:25\n    at file:///Volumes/SSD/dev/new/ai-news/web/node_modules/@vitest/runner/dist/index.js:146:14\n    at file:///Volumes/SSD/dev/new/ai-news/web/node_modules/@vitest/runner/dist/index.js:533:11\n    at runWithTimeout (file:///Volumes/SSD/dev/new/ai-news/web/node_modules/@vitest/runner/dist/index.js:39:7)\n    at runTest (file:///Volumes/SSD/dev/new/ai-news/web/node_modules/@vitest/runner/dist/index.js:1056:17)\n    at processTicksAndRejections (node:internal/process/task_queues:105:5)\n    at runSuite (file:///Volumes/SSD/dev/new/ai-news/web/node_modules/@vitest/runner/dist/index.js:1205:15)\n    at runSuite (file:///Volumes/SSD/dev/new/ai-news/web/node_modules/@vitest/runner/dist/index.js:1205:15)\n    at runSuite (file:///Volumes/SSD/dev/new/ai-news/web/node_modules/@vitest/runner/dist/index.js:1205:15)\n    at runFiles (file:///Volumes/SSD/dev/new/ai-news/web/node_modules/@vitest/runner/dist/index.js:1262:5)"],"meta":{}},{"ancestorTitles":["entity extraction","extractCompanies"],"fullName":"entity extraction extractCompanies sorts companies by frequency","status":"failed","title":"sorts companies by frequency","duration":0.11079200000000355,"failureMessages":["TypeError: __vite_ssr_import_1__.extractCompanies is not a function\n    at /Volumes/SSD/dev/new/ai-news/web/src/lib/entities.test.ts:68:25\n    at file:///Volumes/SSD/dev/new/ai-news/web/node_modules/@vitest/runner/dist/index.js:146:14\n    at file:///Volumes/SSD/dev/new/ai-news/web/node_modules/@vitest/runner/dist/index.js:533:11\n    at runWithTimeout (file:///Volumes/SSD/dev/new/ai-news/web/node_modules/@vitest/runner/dist/index.js:39:7)\n    at runTest (file:///Volumes/SSD/dev/new/ai-news/web/node_modules/@vitest/runner/dist/index.js:1056:17)\n    at processTicksAndRejections (node:internal/process/task_queues:105:5)\n    at runSuite (file:///Volumes/SSD/dev/new/ai-news/web/node_modules/@vitest/runner/dist/index.js:1205:15)\n    at runSuite (file:///Volumes/SSD/dev/new/ai-news/web/node_modules/@vitest/runner/dist/index.js:1205:15)\n    at runSuite (file:///Volumes/SSD/dev/new/ai-news/web/node_modules/@vitest/runner/dist/index.js:1205:15)\n    at runFiles (file:///Volumes/SSD/dev/new/ai-news/web/node_modules/@vitest/runner/dist/index.js:1262:5)"],"meta":{}},{"ancestorTitles":["entity extraction","extractProducts"],"fullName":"entity extraction extractProducts extracts AI products","status":"failed","title":"extracts AI products","duration":0.09850000000000136,"failureMessages":["TypeError: __vite_ssr_import_1__.extractProducts is not a function\n    at /Volumes/SSD/dev/new/ai-news/web/src/lib/entities.test.ts:80:24\n    at file:///Volumes/SSD/dev/new/ai-news/web/node_modules/@vitest/runner/dist/index.js:146:14\n    at file:///Volumes/SSD/dev/new/ai-news/web/node_modules/@vitest/runner/dist/index.js:533:11\n    at runWithTimeout (file:///Volumes/SSD/dev/new/ai-news/web/node_modules/@vitest/runner/dist/index.js:39:7)\n    at runTest (file:///Volumes/SSD/dev/new/ai-news/web/node_modules/@vitest/runner/dist/index.js:1056:17)\n    at processTicksAndRejections (node:internal/process/task_queues:105:5)\n    at runSuite (file:///Volumes/SSD/dev/new/ai-news/web/node_modules/@vitest/runner/dist/index.js:1205:15)\n    at runSuite (file:///Volumes/SSD/dev/new/ai-news/web/node_modules/@vitest/runner/dist/index.js:1205:15)\n    at runSuite (file:///Volumes/SSD/dev/new/ai-news/web/node_modules/@vitest/runner/dist/index.js:1205:15)\n    at runFiles (file:///Volumes/SSD/dev/new/ai-news/web/node_modules/@vitest/runner/dist/index.js:1262:5)"],"meta":{}},{"ancestorTitles":["entity extraction","extractProducts"],"fullName":"entity extraction extractProducts extracts product variations","status":"failed","title":"extracts product variations","duration":0.12366599999995742,"failureMessages":["TypeError: __vite_ssr_import_1__.extractProducts is not a function\n    at /Volumes/SSD/dev/new/ai-news/web/src/lib/entities.test.ts:89:24\n    at file:///Volumes/SSD/dev/new/ai-news/web/node_modules/@vitest/runner/dist/index.js:146:14\n    at file:///Volumes/SSD/dev/new/ai-news/web/node_modules/@vitest/runner/dist/index.js:533:11\n    at runWithTimeout (file:///Volumes/SSD/dev/new/ai-news/web/node_modules/@vitest/runner/dist/index.js:39:7)\n    at runTest (file:///Volumes/SSD/dev/new/ai-news/web/node_modules/@vitest/runner/dist/index.js:1056:17)\n    at processTicksAndRejections (node:internal/process/task_queues:105:5)\n    at runSuite (file:///Volumes/SSD/dev/new/ai-news/web/node_modules/@vitest/runner/dist/index.js:1205:15)\n    at runSuite (file:///Volumes/SSD/dev/new/ai-news/web/node_modules/@vitest/runner/dist/index.js:1205:15)\n    at runSuite (file:///Volumes/SSD/dev/new/ai-news/web/node_modules/@vitest/runner/dist/index.js:1205:15)\n    at runFiles (file:///Volumes/SSD/dev/new/ai-news/web/node_modules/@vitest/runner/dist/index.js:1262:5)"],"meta":{}},{"ancestorTitles":["entity extraction","extractProducts"],"fullName":"entity extraction extractProducts handles text with no products","status":"failed","title":"handles text with no products","duration":0.1584999999999468,"failureMessages":["TypeError: __vite_ssr_import_1__.extractProducts is not a function\n    at /Volumes/SSD/dev/new/ai-news/web/src/lib/entities.test.ts:97:24\n    at file:///Volumes/SSD/dev/new/ai-news/web/node_modules/@vitest/runner/dist/index.js:146:14\n    at file:///Volumes/SSD/dev/new/ai-news/web/node_modules/@vitest/runner/dist/index.js:533:11\n    at runWithTimeout (file:///Volumes/SSD/dev/new/ai-news/web/node_modules/@vitest/runner/dist/index.js:39:7)\n    at runTest (file:///Volumes/SSD/dev/new/ai-news/web/node_modules/@vitest/runner/dist/index.js:1056:17)\n    at processTicksAndRejections (node:internal/process/task_queues:105:5)\n    at runSuite (file:///Volumes/SSD/dev/new/ai-news/web/node_modules/@vitest/runner/dist/index.js:1205:15)\n    at runSuite (file:///Volumes/SSD/dev/new/ai-news/web/node_modules/@vitest/runner/dist/index.js:1205:15)\n    at runSuite (file:///Volumes/SSD/dev/new/ai-news/web/node_modules/@vitest/runner/dist/index.js:1205:15)\n    at runFiles (file:///Volumes/SSD/dev/new/ai-news/web/node_modules/@vitest/runner/dist/index.js:1262:5)"],"meta":{}},{"ancestorTitles":["entity extraction","extractProducts"],"fullName":"entity extraction extractProducts extracts open source projects","status":"failed","title":"extracts open source projects","duration":0.09904199999999719,"failureMessages":["TypeError: __vite_ssr_import_1__.extractProducts is not a function\n    at /Volumes/SSD/dev/new/ai-news/web/src/lib/entities.test.ts:104:24\n    at file:///Volumes/SSD/dev/new/ai-news/web/node_modules/@vitest/runner/dist/index.js:146:14\n    at file:///Volumes/SSD/dev/new/ai-news/web/node_modules/@vitest/runner/dist/index.js:533:11\n    at runWithTimeout (file:///Volumes/SSD/dev/new/ai-news/web/node_modules/@vitest/runner/dist/index.js:39:7)\n    at runTest (file:///Volumes/SSD/dev/new/ai-news/web/node_modules/@vitest/runner/dist/index.js:1056:17)\n    at processTicksAndRejections (node:internal/process/task_queues:105:5)\n    at runSuite (file:///Volumes/SSD/dev/new/ai-news/web/node_modules/@vitest/runner/dist/index.js:1205:15)\n    at runSuite (file:///Volumes/SSD/dev/new/ai-news/web/node_modules/@vitest/runner/dist/index.js:1205:15)\n    at runSuite (file:///Volumes/SSD/dev/new/ai-news/web/node_modules/@vitest/runner/dist/index.js:1205:15)\n    at runFiles (file:///Volumes/SSD/dev/new/ai-news/web/node_modules/@vitest/runner/dist/index.js:1262:5)"],"meta":{}},{"ancestorTitles":["entity extraction","extractTechnologies"],"fullName":"entity extraction extractTechnologies extracts programming languages","status":"failed","title":"extracts programming languages","duration":0.08887500000003001,"failureMessages":["TypeError: __vite_ssr_import_1__.extractTechnologies is not a function\n    at /Volumes/SSD/dev/new/ai-news/web/src/lib/entities.test.ts:114:20\n    at file:///Volumes/SSD/dev/new/ai-news/web/node_modules/@vitest/runner/dist/index.js:146:14\n    at file:///Volumes/SSD/dev/new/ai-news/web/node_modules/@vitest/runner/dist/index.js:533:11\n    at runWithTimeout (file:///Volumes/SSD/dev/new/ai-news/web/node_modules/@vitest/runner/dist/index.js:39:7)\n    at runTest (file:///Volumes/SSD/dev/new/ai-news/web/node_modules/@vitest/runner/dist/index.js:1056:17)\n    at processTicksAndRejections (node:internal/process/task_queues:105:5)\n    at runSuite (file:///Volumes/SSD/dev/new/ai-news/web/node_modules/@vitest/runner/dist/index.js:1205:15)\n    at runSuite (file:///Volumes/SSD/dev/new/ai-news/web/node_modules/@vitest/runner/dist/index.js:1205:15)\n    at runSuite (file:///Volumes/SSD/dev/new/ai-news/web/node_modules/@vitest/runner/dist/index.js:1205:15)\n    at runFiles (file:///Volumes/SSD/dev/new/ai-news/web/node_modules/@vitest/runner/dist/index.js:1262:5)"],"meta":{}},{"ancestorTitles":["entity extraction","extractTechnologies"],"fullName":"entity extraction extractTechnologies extracts ML frameworks","status":"failed","title":"extracts ML frameworks","duration":0.07899999999995089,"failureMessages":["TypeError: __vite_ssr_import_1__.extractTechnologies is not a function\n    at /Volumes/SSD/dev/new/ai-news/web/src/lib/entities.test.ts:123:20\n    at file:///Volumes/SSD/dev/new/ai-news/web/node_modules/@vitest/runner/dist/index.js:146:14\n    at file:///Volumes/SSD/dev/new/ai-news/web/node_modules/@vitest/runner/dist/index.js:533:11\n    at runWithTimeout (file:///Volumes/SSD/dev/new/ai-news/web/node_modules/@vitest/runner/dist/index.js:39:7)\n    at runTest (file:///Volumes/SSD/dev/new/ai-news/web/node_modules/@vitest/runner/dist/index.js:1056:17)\n    at processTicksAndRejections (node:internal/process/task_queues:105:5)\n    at runSuite (file:///Volumes/SSD/dev/new/ai-news/web/node_modules/@vitest/runner/dist/index.js:1205:15)\n    at runSuite (file:///Volumes/SSD/dev/new/ai-news/web/node_modules/@vitest/runner/dist/index.js:1205:15)\n    at runSuite (file:///Volumes/SSD/dev/new/ai-news/web/node_modules/@vitest/runner/dist/index.js:1205:15)\n    at runFiles (file:///Volumes/SSD/dev/new/ai-news/web/node_modules/@vitest/runner/dist/index.js:1262:5)"],"meta":{}},{"ancestorTitles":["entity extraction","extractTechnologies"],"fullName":"entity extraction extractTechnologies extracts cloud platforms","status":"failed","title":"extracts cloud platforms","duration":0.08087499999999181,"failureMessages":["TypeError: __vite_ssr_import_1__.extractTechnologies is not a function\n    at /Volumes/SSD/dev/new/ai-news/web/src/lib/entities.test.ts:131:20\n    at file:///Volumes/SSD/dev/new/ai-news/web/node_modules/@vitest/runner/dist/index.js:146:14\n    at file:///Volumes/SSD/dev/new/ai-news/web/node_modules/@vitest/runner/dist/index.js:533:11\n    at runWithTimeout (file:///Volumes/SSD/dev/new/ai-news/web/node_modules/@vitest/runner/dist/index.js:39:7)\n    at runTest (file:///Volumes/SSD/dev/new/ai-news/web/node_modules/@vitest/runner/dist/index.js:1056:17)\n    at processTicksAndRejections (node:internal/process/task_queues:105:5)\n    at runSuite (file:///Volumes/SSD/dev/new/ai-news/web/node_modules/@vitest/runner/dist/index.js:1205:15)\n    at runSuite (file:///Volumes/SSD/dev/new/ai-news/web/node_modules/@vitest/runner/dist/index.js:1205:15)\n    at runSuite (file:///Volumes/SSD/dev/new/ai-news/web/node_modules/@vitest/runner/dist/index.js:1205:15)\n    at runFiles (file:///Volumes/SSD/dev/new/ai-news/web/node_modules/@vitest/runner/dist/index.js:1262:5)"],"meta":{}},{"ancestorTitles":["entity extraction","extractTechnologies"],"fullName":"entity extraction extractTechnologies handles text with no technologies","status":"failed","title":"handles text with no technologies","duration":0.0822090000000344,"failureMessages":["TypeError: __vite_ssr_import_1__.extractTechnologies is not a function\n    at /Volumes/SSD/dev/new/ai-news/web/src/lib/entities.test.ts:140:20\n    at file:///Volumes/SSD/dev/new/ai-news/web/node_modules/@vitest/runner/dist/index.js:146:14\n    at file:///Volumes/SSD/dev/new/ai-news/web/node_modules/@vitest/runner/dist/index.js:533:11\n    at runWithTimeout (file:///Volumes/SSD/dev/new/ai-news/web/node_modules/@vitest/runner/dist/index.js:39:7)\n    at runTest (file:///Volumes/SSD/dev/new/ai-news/web/node_modules/@vitest/runner/dist/index.js:1056:17)\n    at processTicksAndRejections (node:internal/process/task_queues:105:5)\n    at runSuite (file:///Volumes/SSD/dev/new/ai-news/web/node_modules/@vitest/runner/dist/index.js:1205:15)\n    at runSuite (file:///Volumes/SSD/dev/new/ai-news/web/node_modules/@vitest/runner/dist/index.js:1205:15)\n    at runSuite (file:///Volumes/SSD/dev/new/ai-news/web/node_modules/@vitest/runner/dist/index.js:1205:15)\n    at runFiles (file:///Volumes/SSD/dev/new/ai-news/web/node_modules/@vitest/runner/dist/index.js:1262:5)"],"meta":{}},{"ancestorTitles":["entity extraction","extractPeople"],"fullName":"entity extraction extractPeople extracts names of AI researchers","status":"failed","title":"extracts names of AI researchers","duration":0.07679200000001174,"failureMessages":["TypeError: __vite_ssr_import_1__.extractPeople is not a function\n    at /Volumes/SSD/dev/new/ai-news/web/src/lib/entities.test.ts:149:22\n    at file:///Volumes/SSD/dev/new/ai-news/web/node_modules/@vitest/runner/dist/index.js:146:14\n    at file:///Volumes/SSD/dev/new/ai-news/web/node_modules/@vitest/runner/dist/index.js:533:11\n    at runWithTimeout (file:///Volumes/SSD/dev/new/ai-news/web/node_modules/@vitest/runner/dist/index.js:39:7)\n    at runTest (file:///Volumes/SSD/dev/new/ai-news/web/node_modules/@vitest/runner/dist/index.js:1056:17)\n    at processTicksAndRejections (node:internal/process/task_queues:105:5)\n    at runSuite (file:///Volumes/SSD/dev/new/ai-news/web/node_modules/@vitest/runner/dist/index.js:1205:15)\n    at runSuite (file:///Volumes/SSD/dev/new/ai-news/web/node_modules/@vitest/runner/dist/index.js:1205:15)\n    at runSuite (file:///Volumes/SSD/dev/new/ai-news/web/node_modules/@vitest/runner/dist/index.js:1205:15)\n    at runFiles (file:///Volumes/SSD/dev/new/ai-news/web/node_modules/@vitest/runner/dist/index.js:1262:5)"],"meta":{}},{"ancestorTitles":["entity extraction","extractPeople"],"fullName":"entity extraction extractPeople handles text with no people","status":"failed","title":"handles text with no people","duration":0.07804199999998218,"failureMessages":["TypeError: __vite_ssr_import_1__.extractPeople is not a function\n    at /Volumes/SSD/dev/new/ai-news/web/src/lib/entities.test.ts:157:22\n    at file:///Volumes/SSD/dev/new/ai-news/web/node_modules/@vitest/runner/dist/index.js:146:14\n    at file:///Volumes/SSD/dev/new/ai-news/web/node_modules/@vitest/runner/dist/index.js:533:11\n    at runWithTimeout (file:///Volumes/SSD/dev/new/ai-news/web/node_modules/@vitest/runner/dist/index.js:39:7)\n    at runTest (file:///Volumes/SSD/dev/new/ai-news/web/node_modules/@vitest/runner/dist/index.js:1056:17)\n    at processTicksAndRejections (node:internal/process/task_queues:105:5)\n    at runSuite (file:///Volumes/SSD/dev/new/ai-news/web/node_modules/@vitest/runner/dist/index.js:1205:15)\n    at runSuite (file:///Volumes/SSD/dev/new/ai-news/web/node_modules/@vitest/runner/dist/index.js:1205:15)\n    at runSuite (file:///Volumes/SSD/dev/new/ai-news/web/node_modules/@vitest/runner/dist/index.js:1205:15)\n    at runFiles (file:///Volumes/SSD/dev/new/ai-news/web/node_modules/@vitest/runner/dist/index.js:1262:5)"],"meta":{}},{"ancestorTitles":["entity extraction","extractTopics"],"fullName":"entity extraction extractTopics extracts AI topics","status":"failed","title":"extracts AI topics","duration":0.076041000000032,"failureMessages":["TypeError: __vite_ssr_import_1__.extractTopics is not a function\n    at /Volumes/SSD/dev/new/ai-news/web/src/lib/entities.test.ts:167:22\n    at file:///Volumes/SSD/dev/new/ai-news/web/node_modules/@vitest/runner/dist/index.js:146:14\n    at file:///Volumes/SSD/dev/new/ai-news/web/node_modules/@vitest/runner/dist/index.js:533:11\n    at runWithTimeout (file:///Volumes/SSD/dev/new/ai-news/web/node_modules/@vitest/runner/dist/index.js:39:7)\n    at runTest (file:///Volumes/SSD/dev/new/ai-news/web/node_modules/@vitest/runner/dist/index.js:1056:17)\n    at processTicksAndRejections (node:internal/process/task_queues:105:5)\n    at runSuite (file:///Volumes/SSD/dev/new/ai-news/web/node_modules/@vitest/runner/dist/index.js:1205:15)\n    at runSuite (file:///Volumes/SSD/dev/new/ai-news/web/node_modules/@vitest/runner/dist/index.js:1205:15)\n    at runSuite (file:///Volumes/SSD/dev/new/ai-news/web/node_modules/@vitest/runner/dist/index.js:1205:15)\n    at runFiles (file:///Volumes/SSD/dev/new/ai-news/web/node_modules/@vitest/runner/dist/index.js:1262:5)"],"meta":{}},{"ancestorTitles":["entity extraction","extractTopics"],"fullName":"entity extraction extractTopics extracts related topics","status":"failed","title":"extracts related topics","duration":0.07400000000001228,"failureMessages":["TypeError: __vite_ssr_import_1__.extractTopics is not a function\n    at /Volumes/SSD/dev/new/ai-news/web/src/lib/entities.test.ts:176:22\n    at file:///Volumes/SSD/dev/new/ai-news/web/node_modules/@vitest/runner/dist/index.js:146:14\n    at file:///Volumes/SSD/dev/new/ai-news/web/node_modules/@vitest/runner/dist/index.js:533:11\n    at runWithTimeout (file:///Volumes/SSD/dev/new/ai-news/web/node_modules/@vitest/runner/dist/index.js:39:7)\n    at runTest (file:///Volumes/SSD/dev/new/ai-news/web/node_modules/@vitest/runner/dist/index.js:1056:17)\n    at processTicksAndRejections (node:internal/process/task_queues:105:5)\n    at runSuite (file:///Volumes/SSD/dev/new/ai-news/web/node_modules/@vitest/runner/dist/index.js:1205:15)\n    at runSuite (file:///Volumes/SSD/dev/new/ai-news/web/node_modules/@vitest/runner/dist/index.js:1205:15)\n    at runSuite (file:///Volumes/SSD/dev/new/ai-news/web/node_modules/@vitest/runner/dist/index.js:1205:15)\n    at runFiles (file:///Volumes/SSD/dev/new/ai-news/web/node_modules/@vitest/runner/dist/index.js:1262:5)"],"meta":{}},{"ancestorTitles":["entity extraction","extractTopics"],"fullName":"entity extraction extractTopics handles text with no topics","status":"failed","title":"handles text with no topics","duration":0.07145799999995006,"failureMessages":["TypeError: __vite_ssr_import_1__.extractTopics is not a function\n    at /Volumes/SSD/dev/new/ai-news/web/src/lib/entities.test.ts:184:22\n    at file:///Volumes/SSD/dev/new/ai-news/web/node_modules/@vitest/runner/dist/index.js:146:14\n    at file:///Volumes/SSD/dev/new/ai-news/web/node_modules/@vitest/runner/dist/index.js:533:11\n    at runWithTimeout (file:///Volumes/SSD/dev/new/ai-news/web/node_modules/@vitest/runner/dist/index.js:39:7)\n    at runTest (file:///Volumes/SSD/dev/new/ai-news/web/node_modules/@vitest/runner/dist/index.js:1056:17)\n    at processTicksAndRejections (node:internal/process/task_queues:105:5)\n    at runSuite (file:///Volumes/SSD/dev/new/ai-news/web/node_modules/@vitest/runner/dist/index.js:1205:15)\n    at runSuite (file:///Volumes/SSD/dev/new/ai-news/web/node_modules/@vitest/runner/dist/index.js:1205:15)\n    at runSuite (file:///Volumes/SSD/dev/new/ai-news/web/node_modules/@vitest/runner/dist/index.js:1205:15)\n    at runFiles (file:///Volumes/SSD/dev/new/ai-news/web/node_modules/@vitest/runner/dist/index.js:1262:5)"],"meta":{}},{"ancestorTitles":["entity extraction","extractEntities"],"fullName":"entity extraction extractEntities extracts all entity types","status":"failed","title":"extracts all entity types","duration":2.1002920000000245,"failureMessages":["TypeError: Cannot read properties of undefined (reading 'length')\n    at /Volumes/SSD/dev/new/ai-news/web/src/lib/entities.test.ts:201:32\n    at file:///Volumes/SSD/dev/new/ai-news/web/node_modules/@vitest/runner/dist/index.js:146:14\n    at file:///Volumes/SSD/dev/new/ai-news/web/node_modules/@vitest/runner/dist/index.js:533:11\n    at runWithTimeout (file:///Volumes/SSD/dev/new/ai-news/web/node_modules/@vitest/runner/dist/index.js:39:7)\n    at runTest (file:///Volumes/SSD/dev/new/ai-news/web/node_modules/@vitest/runner/dist/index.js:1056:17)\n    at processTicksAndRejections (node:internal/process/task_queues:105:5)\n    at runSuite (file:///Volumes/SSD/dev/new/ai-news/web/node_modules/@vitest/runner/dist/index.js:1205:15)\n    at runSuite (file:///Volumes/SSD/dev/new/ai-news/web/node_modules/@vitest/runner/dist/index.js:1205:15)\n    at runSuite (file:///Volumes/SSD/dev/new/ai-news/web/node_modules/@vitest/runner/dist/index.js:1205:15)\n    at runFiles (file:///Volumes/SSD/dev/new/ai-news/web/node_modules/@vitest/runner/dist/index.js:1262:5)"],"meta":{}},{"ancestorTitles":["entity extraction","extractEntities"],"fullName":"entity extraction extractEntities returns empty categories when no entities found","status":"failed","title":"returns empty categories when no entities found","duration":1.1552089999999566,"failureMessages":["AssertionError: expected undefined to deeply equal []\n    at /Volumes/SSD/dev/new/ai-news/web/src/lib/entities.test.ts:209:33\n    at file:///Volumes/SSD/dev/new/ai-news/web/node_modules/@vitest/runner/dist/index.js:146:14\n    at file:///Volumes/SSD/dev/new/ai-news/web/node_modules/@vitest/runner/dist/index.js:533:11\n    at runWithTimeout (file:///Volumes/SSD/dev/new/ai-news/web/node_modules/@vitest/runner/dist/index.js:39:7)\n    at runTest (file:///Volumes/SSD/dev/new/ai-news/web/node_modules/@vitest/runner/dist/index.js:1056:17)\n    at processTicksAndRejections (node:internal/process/task_queues:105:5)\n    at runSuite (file:///Volumes/SSD/dev/new/ai-news/web/node_modules/@vitest/runner/dist/index.js:1205:15)\n    at runSuite (file:///Volumes/SSD/dev/new/ai-news/web/node_modules/@vitest/runner/dist/index.js:1205:15)\n    at runSuite (file:///Volumes/SSD/dev/new/ai-news/web/node_modules/@vitest/runner/dist/index.js:1205:15)\n    at runFiles (file:///Volumes/SSD/dev/new/ai-news/web/node_modules/@vitest/runner/dist/index.js:1262:5)"],"meta":{}},{"ancestorTitles":["entity extraction","extractEntities"],"fullName":"entity extraction extractEntities handles empty text","status":"failed","title":"handles empty text","duration":0.19158299999998007,"failureMessages":["AssertionError: expected undefined to deeply equal []\n    at /Volumes/SSD/dev/new/ai-news/web/src/lib/entities.test.ts:219:33\n    at file:///Volumes/SSD/dev/new/ai-news/web/node_modules/@vitest/runner/dist/index.js:146:14\n    at file:///Volumes/SSD/dev/new/ai-news/web/node_modules/@vitest/runner/dist/index.js:533:11\n    at runWithTimeout (file:///Volumes/SSD/dev/new/ai-news/web/node_modules/@vitest/runner/dist/index.js:39:7)\n    at runTest (file:///Volumes/SSD/dev/new/ai-news/web/node_modules/@vitest/runner/dist/index.js:1056:17)\n    at processTicksAndRejections (node:internal/process/task_queues:105:5)\n    at runSuite (file:///Volumes/SSD/dev/new/ai-news/web/node_modules/@vitest/runner/dist/index.js:1205:15)\n    at runSuite (file:///Volumes/SSD/dev/new/ai-news/web/node_modules/@vitest/runner/dist/index.js:1205:15)\n    at runSuite (file:///Volumes/SSD/dev/new/ai-news/web/node_modules/@vitest/runner/dist/index.js:1205:15)\n    at runFiles (file:///Volumes/SSD/dev/new/ai-news/web/node_modules/@vitest/runner/dist/index.js:1262:5)"],"meta":{}},{"ancestorTitles":["entity extraction","extractEntities"],"fullName":"entity extraction extractEntities handles null input","status":"failed","title":"handles null input","duration":0.38366700000000264,"failureMessages":["AssertionError: expected undefined to deeply equal []\n    at /Volumes/SSD/dev/new/ai-news/web/src/lib/entities.test.ts:226:33\n    at file:///Volumes/SSD/dev/new/ai-news/web/node_modules/@vitest/runner/dist/index.js:146:14\n    at file:///Volumes/SSD/dev/new/ai-news/web/node_modules/@vitest/runner/dist/index.js:533:11\n    at runWithTimeout (file:///Volumes/SSD/dev/new/ai-news/web/node_modules/@vitest/runner/dist/index.js:39:7)\n    at runTest (file:///Volumes/SSD/dev/new/ai-news/web/node_modules/@vitest/runner/dist/index.js:1056:17)\n    at processTicksAndRejections (node:internal/process/task_queues:105:5)\n    at runSuite (file:///Volumes/SSD/dev/new/ai-news/web/node_modules/@vitest/runner/dist/index.js:1205:15)\n    at runSuite (file:///Volumes/SSD/dev/new/ai-news/web/node_modules/@vitest/runner/dist/index.js:1205:15)\n    at runSuite (file:///Volumes/SSD/dev/new/ai-news/web/node_modules/@vitest/runner/dist/index.js:1205:15)\n    at runFiles (file:///Volumes/SSD/dev/new/ai-news/web/node_modules/@vitest/runner/dist/index.js:1262:5)"],"meta":{}},{"ancestorTitles":["entity extraction","extractEntities"],"fullName":"entity extraction extractEntities includes metadata in results","status":"failed","title":"includes metadata in results","duration":0.5476659999999924,"failureMessages":["AssertionError: expected { …(4) } to have property \"products\"\n    at /Volumes/SSD/dev/new/ai-news/web/src/lib/entities.test.ts:234:24\n    at file:///Volumes/SSD/dev/new/ai-news/web/node_modules/@vitest/runner/dist/index.js:146:14\n    at file:///Volumes/SSD/dev/new/ai-news/web/node_modules/@vitest/runner/dist/index.js:533:11\n    at runWithTimeout (file:///Volumes/SSD/dev/new/ai-news/web/node_modules/@vitest/runner/dist/index.js:39:7)\n    at runTest (file:///Volumes/SSD/dev/new/ai-news/web/node_modules/@vitest/runner/dist/index.js:1056:17)\n    at processTicksAndRejections (node:internal/process/task_queues:105:5)\n    at runSuite (file:///Volumes/SSD/dev/new/ai-news/web/node_modules/@vitest/runner/dist/index.js:1205:15)\n    at runSuite (file:///Volumes/SSD/dev/new/ai-news/web/node_modules/@vitest/runner/dist/index.js:1205:15)\n    at runSuite (file:///Volumes/SSD/dev/new/ai-news/web/node_modules/@vitest/runner/dist/index.js:1205:15)\n    at runFiles (file:///Volumes/SSD/dev/new/ai-news/web/node_modules/@vitest/runner/dist/index.js:1262:5)"],"meta":{}},{"ancestorTitles":["entity extraction","extractAllEntities"],"fullName":"entity extraction extractAllEntities returns flat array of all entities","status":"failed","title":"returns flat array of all entities","duration":0.09749999999996817,"failureMessages":["TypeError: __vite_ssr_import_1__.extractAllEntities is not a function\n    at /Volumes/SSD/dev/new/ai-news/web/src/lib/entities.test.ts:244:24\n    at file:///Volumes/SSD/dev/new/ai-news/web/node_modules/@vitest/runner/dist/index.js:146:14\n    at file:///Volumes/SSD/dev/new/ai-news/web/node_modules/@vitest/runner/dist/index.js:533:11\n    at runWithTimeout (file:///Volumes/SSD/dev/new/ai-news/web/node_modules/@vitest/runner/dist/index.js:39:7)\n    at runTest (file:///Volumes/SSD/dev/new/ai-news/web/node_modules/@vitest/runner/dist/index.js:1056:17)\n    at processTicksAndRejections (node:internal/process/task_queues:105:5)\n    at runSuite (file:///Volumes/SSD/dev/new/ai-news/web/node_modules/@vitest/runner/dist/index.js:1205:15)\n    at runSuite (file:///Volumes/SSD/dev/new/ai-news/web/node_modules/@vitest/runner/dist/index.js:1205:15)\n    at runSuite (file:///Volumes/SSD/dev/new/ai-news/web/node_modules/@vitest/runner/dist/index.js:1205:15)\n    at runFiles (file:///Volumes/SSD/dev/new/ai-news/web/node_modules/@vitest/runner/dist/index.js:1262:5)"],"meta":{}},{"ancestorTitles":["entity extraction","extractAllEntities"],"fullName":"entity extraction extractAllEntities deduplicates entities","status":"failed","title":"deduplicates entities","duration":0.0821669999999699,"failureMessages":["TypeError: __vite_ssr_import_1__.extractAllEntities is not a function\n    at /Volumes/SSD/dev/new/ai-news/web/src/lib/entities.test.ts:253:24\n    at file:///Volumes/SSD/dev/new/ai-news/web/node_modules/@vitest/runner/dist/index.js:146:14\n    at file:///Volumes/SSD/dev/new/ai-news/web/node_modules/@vitest/runner/dist/index.js:533:11\n    at runWithTimeout (file:///Volumes/SSD/dev/new/ai-news/web/node_modules/@vitest/runner/dist/index.js:39:7)\n    at runTest (file:///Volumes/SSD/dev/new/ai-news/web/node_modules/@vitest/runner/dist/index.js:1056:17)\n    at processTicksAndRejections (node:internal/process/task_queues:105:5)\n    at runSuite (file:///Volumes/SSD/dev/new/ai-news/web/node_modules/@vitest/runner/dist/index.js:1205:15)\n    at runSuite (file:///Volumes/SSD/dev/new/ai-news/web/node_modules/@vitest/runner/dist/index.js:1205:15)\n    at runSuite (file:///Volumes/SSD/dev/new/ai-news/web/node_modules/@vitest/runner/dist/index.js:1205:15)\n    at runFiles (file:///Volumes/SSD/dev/new/ai-news/web/node_modules/@vitest/runner/dist/index.js:1262:5)"],"meta":{}},{"ancestorTitles":["entity extraction","extractAllEntities"],"fullName":"entity extraction extractAllEntities returns empty array for no entities","status":"failed","title":"returns empty array for no entities","duration":0.07729199999999992,"failureMessages":["TypeError: __vite_ssr_import_1__.extractAllEntities is not a function\n    at /Volumes/SSD/dev/new/ai-news/web/src/lib/entities.test.ts:261:24\n    at file:///Volumes/SSD/dev/new/ai-news/web/node_modules/@vitest/runner/dist/index.js:146:14\n    at file:///Volumes/SSD/dev/new/ai-news/web/node_modules/@vitest/runner/dist/index.js:533:11\n    at runWithTimeout (file:///Volumes/SSD/dev/new/ai-news/web/node_modules/@vitest/runner/dist/index.js:39:7)\n    at runTest (file:///Volumes/SSD/dev/new/ai-news/web/node_modules/@vitest/runner/dist/index.js:1056:17)\n    at processTicksAndRejections (node:internal/process/task_queues:105:5)\n    at runSuite (file:///Volumes/SSD/dev/new/ai-news/web/node_modules/@vitest/runner/dist/index.js:1205:15)\n    at runSuite (file:///Volumes/SSD/dev/new/ai-news/web/node_modules/@vitest/runner/dist/index.js:1205:15)\n    at runSuite (file:///Volumes/SSD/dev/new/ai-news/web/node_modules/@vitest/runner/dist/index.js:1205:15)\n    at runFiles (file:///Volumes/SSD/dev/new/ai-news/web/node_modules/@vitest/runner/dist/index.js:1262:5)"],"meta":{}},{"ancestorTitles":["entity extraction","edge cases"],"fullName":"entity extraction edge cases handles mixed case","status":"failed","title":"handles mixed case","duration":0.07379200000002584,"failureMessages":["TypeError: __vite_ssr_import_1__.extractCompanies is not a function\n    at /Volumes/SSD/dev/new/ai-news/web/src/lib/entities.test.ts:270:25\n    at file:///Volumes/SSD/dev/new/ai-news/web/node_modules/@vitest/runner/dist/index.js:146:14\n    at file:///Volumes/SSD/dev/new/ai-news/web/node_modules/@vitest/runner/dist/index.js:533:11\n    at runWithTimeout (file:///Volumes/SSD/dev/new/ai-news/web/node_modules/@vitest/runner/dist/index.js:39:7)\n    at runTest (file:///Volumes/SSD/dev/new/ai-news/web/node_modules/@vitest/runner/dist/index.js:1056:17)\n    at processTicksAndRejections (node:internal/process/task_queues:105:5)\n    at runSuite (file:///Volumes/SSD/dev/new/ai-news/web/node_modules/@vitest/runner/dist/index.js:1205:15)\n    at runSuite (file:///Volumes/SSD/dev/new/ai-news/web/node_modules/@vitest/runner/dist/index.js:1205:15)\n    at runSuite (file:///Volumes/SSD/dev/new/ai-news/web/node_modules/@vitest/runner/dist/index.js:1205:15)\n    at runFiles (file:///Volumes/SSD/dev/new/ai-news/web/node_modules/@vitest/runner/dist/index.js:1262:5)"],"meta":{}},{"ancestorTitles":["entity extraction","edge cases"],"fullName":"entity extraction edge cases handles special characters","status":"failed","title":"handles special characters","duration":0.07345800000001645,"failureMessages":["TypeError: __vite_ssr_import_1__.extractCompanies is not a function\n    at /Volumes/SSD/dev/new/ai-news/web/src/lib/entities.test.ts:278:25\n    at file:///Volumes/SSD/dev/new/ai-news/web/node_modules/@vitest/runner/dist/index.js:146:14\n    at file:///Volumes/SSD/dev/new/ai-news/web/node_modules/@vitest/runner/dist/index.js:533:11\n    at runWithTimeout (file:///Volumes/SSD/dev/new/ai-news/web/node_modules/@vitest/runner/dist/index.js:39:7)\n    at runTest (file:///Volumes/SSD/dev/new/ai-news/web/node_modules/@vitest/runner/dist/index.js:1056:17)\n    at processTicksAndRejections (node:internal/process/task_queues:105:5)\n    at runSuite (file:///Volumes/SSD/dev/new/ai-news/web/node_modules/@vitest/runner/dist/index.js:1205:15)\n    at runSuite (file:///Volumes/SSD/dev/new/ai-news/web/node_modules/@vitest/runner/dist/index.js:1205:15)\n    at runSuite (file:///Volumes/SSD/dev/new/ai-news/web/node_modules/@vitest/runner/dist/index.js:1205:15)\n    at runFiles (file:///Volumes/SSD/dev/new/ai-news/web/node_modules/@vitest/runner/dist/index.js:1262:5)"],"meta":{}},{"ancestorTitles":["entity extraction","edge cases"],"fullName":"entity extraction edge cases handles very long text","status":"failed","title":"handles very long text","duration":0.07462499999996908,"failureMessages":["TypeError: __vite_ssr_import_1__.extractCompanies is not a function\n    at /Volumes/SSD/dev/new/ai-news/web/src/lib/entities.test.ts:285:25\n    at file:///Volumes/SSD/dev/new/ai-news/web/node_modules/@vitest/runner/dist/index.js:146:14\n    at file:///Volumes/SSD/dev/new/ai-news/web/node_modules/@vitest/runner/dist/index.js:533:11\n    at runWithTimeout (file:///Volumes/SSD/dev/new/ai-news/web/node_modules/@vitest/runner/dist/index.js:39:7)\n    at runTest (file:///Volumes/SSD/dev/new/ai-news/web/node_modules/@vitest/runner/dist/index.js:1056:17)\n    at processTicksAndRejections (node:internal/process/task_queues:105:5)\n    at runSuite (file:///Volumes/SSD/dev/new/ai-news/web/node_modules/@vitest/runner/dist/index.js:1205:15)\n    at runSuite (file:///Volumes/SSD/dev/new/ai-news/web/node_modules/@vitest/runner/dist/index.js:1205:15)\n    at runSuite (file:///Volumes/SSD/dev/new/ai-news/web/node_modules/@vitest/runner/dist/index.js:1205:15)\n    at runFiles (file:///Volumes/SSD/dev/new/ai-news/web/node_modules/@vitest/runner/dist/index.js:1262:5)"],"meta":{}},{"ancestorTitles":["entity extraction","edge cases"],"fullName":"entity extraction edge cases handles unicode text","status":"failed","title":"handles unicode text","duration":0.07149999999995771,"failureMessages":["TypeError: __vite_ssr_import_1__.extractCompanies is not a function\n    at /Volumes/SSD/dev/new/ai-news/web/src/lib/entities.test.ts:292:25\n    at file:///Volumes/SSD/dev/new/ai-news/web/node_modules/@vitest/runner/dist/index.js:146:14\n    at file:///Volumes/SSD/dev/new/ai-news/web/node_modules/@vitest/runner/dist/index.js:533:11\n    at runWithTimeout (file:///Volumes/SSD/dev/new/ai-news/web/node_modules/@vitest/runner/dist/index.js:39:7)\n    at runTest (file:///Volumes/SSD/dev/new/ai-news/web/node_modules/@vitest/runner/dist/index.js:1056:17)\n    at processTicksAndRejections (node:internal/process/task_queues:105:5)\n    at runSuite (file:///Volumes/SSD/dev/new/ai-news/web/node_modules/@vitest/runner/dist/index.js:1205:15)\n    at runSuite (file:///Volumes/SSD/dev/new/ai-news/web/node_modules/@vitest/runner/dist/index.js:1205:15)\n    at runSuite (file:///Volumes/SSD/dev/new/ai-news/web/node_modules/@vitest/runner/dist/index.js:1205:15)\n    at runFiles (file:///Volumes/SSD/dev/new/ai-news/web/node_modules/@vitest/runner/dist/index.js:1262:5)"],"meta":{}},{"ancestorTitles":["entity extraction","edge cases"],"fullName":"entity extraction edge cases handles overlapping entities","status":"failed","title":"handles overlapping entities","duration":0.07054100000004837,"failureMessages":["TypeError: __vite_ssr_import_1__.extractCompanies is not a function\n    at /Volumes/SSD/dev/new/ai-news/web/src/lib/entities.test.ts:299:25\n    at file:///Volumes/SSD/dev/new/ai-news/web/node_modules/@vitest/runner/dist/index.js:146:14\n    at file:///Volumes/SSD/dev/new/ai-news/web/node_modules/@vitest/runner/dist/index.js:533:11\n    at runWithTimeout (file:///Volumes/SSD/dev/new/ai-news/web/node_modules/@vitest/runner/dist/index.js:39:7)\n    at runTest (file:///Volumes/SSD/dev/new/ai-news/web/node_modules/@vitest/runner/dist/index.js:1056:17)\n    at processTicksAndRejections (node:internal/process/task_queues:105:5)\n    at runSuite (file:///Volumes/SSD/dev/new/ai-news/web/node_modules/@vitest/runner/dist/index.js:1205:15)\n    at runSuite (file:///Volumes/SSD/dev/new/ai-news/web/node_modules/@vitest/runner/dist/index.js:1205:15)\n    at runSuite (file:///Volumes/SSD/dev/new/ai-news/web/node_modules/@vitest/runner/dist/index.js:1205:15)\n    at runFiles (file:///Volumes/SSD/dev/new/ai-news/web/node_modules/@vitest/runner/dist/index.js:1262:5)"],"meta":{}},{"ancestorTitles":["entity extraction","edge cases"],"fullName":"entity extraction edge cases handles partial matches correctly","status":"failed","title":"handles partial matches correctly","duration":0.07579200000003539,"failureMessages":["TypeError: __vite_ssr_import_1__.extractCompanies is not a function\n    at /Volumes/SSD/dev/new/ai-news/web/src/lib/entities.test.ts:306:25\n    at file:///Volumes/SSD/dev/new/ai-news/web/node_modules/@vitest/runner/dist/index.js:146:14\n    at file:///Volumes/SSD/dev/new/ai-news/web/node_modules/@vitest/runner/dist/index.js:533:11\n    at runWithTimeout (file:///Volumes/SSD/dev/new/ai-news/web/node_modules/@vitest/runner/dist/index.js:39:7)\n    at runTest (file:///Volumes/SSD/dev/new/ai-news/web/node_modules/@vitest/runner/dist/index.js:1056:17)\n    at processTicksAndRejections (node:internal/process/task_queues:105:5)\n    at runSuite (file:///Volumes/SSD/dev/new/ai-news/web/node_modules/@vitest/runner/dist/index.js:1205:15)\n    at runSuite (file:///Volumes/SSD/dev/new/ai-news/web/node_modules/@vitest/runner/dist/index.js:1205:15)\n    at runSuite (file:///Volumes/SSD/dev/new/ai-news/web/node_modules/@vitest/runner/dist/index.js:1205:15)\n    at runFiles (file:///Volumes/SSD/dev/new/ai-news/web/node_modules/@vitest/runner/dist/index.js:1262:5)"],"meta":{}},{"ancestorTitles":["entity extraction","edge cases"],"fullName":"entity extraction edge cases handles hyphenated names","status":"failed","title":"handles hyphenated names","duration":0.07787500000000591,"failureMessages":["TypeError: __vite_ssr_import_1__.extractCompanies is not a function\n    at /Volumes/SSD/dev/new/ai-news/web/src/lib/entities.test.ts:314:25\n    at file:///Volumes/SSD/dev/new/ai-news/web/node_modules/@vitest/runner/dist/index.js:146:14\n    at file:///Volumes/SSD/dev/new/ai-news/web/node_modules/@vitest/runner/dist/index.js:533:11\n    at runWithTimeout (file:///Volumes/SSD/dev/new/ai-news/web/node_modules/@vitest/runner/dist/index.js:39:7)\n    at runTest (file:///Volumes/SSD/dev/new/ai-news/web/node_modules/@vitest/runner/dist/index.js:1056:17)\n    at processTicksAndRejections (node:internal/process/task_queues:105:5)\n    at runSuite (file:///Volumes/SSD/dev/new/ai-news/web/node_modules/@vitest/runner/dist/index.js:1205:15)\n    at runSuite (file:///Volumes/SSD/dev/new/ai-news/web/node_modules/@vitest/runner/dist/index.js:1205:15)\n    at runSuite (file:///Volumes/SSD/dev/new/ai-news/web/node_modules/@vitest/runner/dist/index.js:1205:15)\n    at runFiles (file:///Volumes/SSD/dev/new/ai-news/web/node_modules/@vitest/runner/dist/index.js:1262:5)"],"meta":{}},{"ancestorTitles":["entity extraction","edge cases"],"fullName":"entity extraction edge cases handles product versions","status":"failed","title":"handles product versions","duration":0.07516600000002427,"failureMessages":["TypeError: __vite_ssr_import_1__.extractProducts is not a function\n    at /Volumes/SSD/dev/new/ai-news/web/src/lib/entities.test.ts:321:24\n    at file:///Volumes/SSD/dev/new/ai-news/web/node_modules/@vitest/runner/dist/index.js:146:14\n    at file:///Volumes/SSD/dev/new/ai-news/web/node_modules/@vitest/runner/dist/index.js:533:11\n    at runWithTimeout (file:///Volumes/SSD/dev/new/ai-news/web/node_modules/@vitest/runner/dist/index.js:39:7)\n    at runTest (file:///Volumes/SSD/dev/new/ai-news/web/node_modules/@vitest/runner/dist/index.js:1056:17)\n    at processTicksAndRejections (node:internal/process/task_queues:105:5)\n    at runSuite (file:///Volumes/SSD/dev/new/ai-news/web/node_modules/@vitest/runner/dist/index.js:1205:15)\n    at runSuite (file:///Volumes/SSD/dev/new/ai-news/web/node_modules/@vitest/runner/dist/index.js:1205:15)\n    at runSuite (file:///Volumes/SSD/dev/new/ai-news/web/node_modules/@vitest/runner/dist/index.js:1205:15)\n    at runFiles (file:///Volumes/SSD/dev/new/ai-news/web/node_modules/@vitest/runner/dist/index.js:1262:5)"],"meta":{}},{"ancestorTitles":["entity extraction","edge cases"],"fullName":"entity extraction edge cases handles acronyms","status":"failed","title":"handles acronyms","duration":0.07179200000001629,"failureMessages":["TypeError: __vite_ssr_import_1__.extractTopics is not a function\n    at /Volumes/SSD/dev/new/ai-news/web/src/lib/entities.test.ts:329:22\n    at file:///Volumes/SSD/dev/new/ai-news/web/node_modules/@vitest/runner/dist/index.js:146:14\n    at file:///Volumes/SSD/dev/new/ai-news/web/node_modules/@vitest/runner/dist/index.js:533:11\n    at runWithTimeout (file:///Volumes/SSD/dev/new/ai-news/web/node_modules/@vitest/runner/dist/index.js:39:7)\n    at runTest (file:///Volumes/SSD/dev/new/ai-news/web/node_modules/@vitest/runner/dist/index.js:1056:17)\n    at processTicksAndRejections (node:internal/process/task_queues:105:5)\n    at runSuite (file:///Volumes/SSD/dev/new/ai-news/web/node_modules/@vitest/runner/dist/index.js:1205:15)\n    at runSuite (file:///Volumes/SSD/dev/new/ai-news/web/node_modules/@vitest/runner/dist/index.js:1205:15)\n    at runSuite (file:///Volumes/SSD/dev/new/ai-news/web/node_modules/@vitest/runner/dist/index.js:1205:15)\n    at runFiles (file:///Volumes/SSD/dev/new/ai-news/web/node_modules/@vitest/runner/dist/index.js:1262:5)"],"meta":{}},{"ancestorTitles":["entity extraction","performance"],"fullName":"entity extraction performance processes text efficiently","status":"failed","title":"processes text efficiently","duration":1.9603329999999914,"failureMessages":["TypeError: __vite_ssr_import_1__.extractCompanies is not a function\n    at /Volumes/SSD/dev/new/ai-news/web/src/lib/entities.test.ts:342:7\n    at file:///Volumes/SSD/dev/new/ai-news/web/node_modules/@vitest/runner/dist/index.js:146:14\n    at file:///Volumes/SSD/dev/new/ai-news/web/node_modules/@vitest/runner/dist/index.js:533:11\n    at runWithTimeout (file:///Volumes/SSD/dev/new/ai-news/web/node_modules/@vitest/runner/dist/index.js:39:7)\n    at runTest (file:///Volumes/SSD/dev/new/ai-news/web/node_modules/@vitest/runner/dist/index.js:1056:17)\n    at processTicksAndRejections (node:internal/process/task_queues:105:5)\n    at runSuite (file:///Volumes/SSD/dev/new/ai-news/web/node_modules/@vitest/runner/dist/index.js:1205:15)\n    at runSuite (file:///Volumes/SSD/dev/new/ai-news/web/node_modules/@vitest/runner/dist/index.js:1205:15)\n    at runSuite (file:///Volumes/SSD/dev/new/ai-news/web/node_modules/@vitest/runner/dist/index.js:1205:15)\n    at runFiles (file:///Volumes/SSD/dev/new/ai-news/web/node_modules/@vitest/runner/dist/index.js:1262:5)"],"meta":{}},{"ancestorTitles":["entity extraction","performance"],"fullName":"entity extraction performance handles concurrent extractions","status":"failed","title":"handles concurrent extractions","duration":0.14779199999998127,"failureMessages":["TypeError: __vite_ssr_import_1__.extractCompanies is not a function\n    at /Volumes/SSD/dev/new/ai-news/web/src/lib/entities.test.ts:351:25\n    at file:///Volumes/SSD/dev/new/ai-news/web/node_modules/@vitest/runner/dist/index.js:146:14\n    at file:///Volumes/SSD/dev/new/ai-news/web/node_modules/@vitest/runner/dist/index.js:533:11\n    at runWithTimeout (file:///Volumes/SSD/dev/new/ai-news/web/node_modules/@vitest/runner/dist/index.js:39:7)\n    at runTest (file:///Volumes/SSD/dev/new/ai-news/web/node_modules/@vitest/runner/dist/index.js:1056:17)\n    at processTicksAndRejections (node:internal/process/task_queues:105:5)\n    at runSuite (file:///Volumes/SSD/dev/new/ai-news/web/node_modules/@vitest/runner/dist/index.js:1205:15)\n    at runSuite (file:///Volumes/SSD/dev/new/ai-news/web/node_modules/@vitest/runner/dist/index.js:1205:15)\n    at runSuite (file:///Volumes/SSD/dev/new/ai-news/web/node_modules/@vitest/runner/dist/index.js:1205:15)\n    at runFiles (file:///Volumes/SSD/dev/new/ai-news/web/node_modules/@vitest/runner/dist/index.js:1262:5)"],"meta":{}}],"startTime":1767007105174,"endTime":1767007105188.1477,"status":"failed","message":"","name":"/Volumes/SSD/dev/new/ai-news/web/src/lib/entities.test.ts"},{"assertionResults":[{"ancestorTitles":["idFromUrl"],"fullName":"idFromUrl is deterministic and length-bounded","status":"passed","title":"is deterministic and length-bounded","duration":1.3040829999999914,"failureMessages":[],"meta":{}}],"startTime":1767007105541,"endTime":1767007105542.3042,"status":"passed","message":"","name":"/Volumes/SSD/dev/new/ai-news/web/src/lib/id.test.ts"},{"assertionResults":[{"ancestorTitles":["NewsCard"],"fullName":"NewsCard renders article title","status":"passed","title":"renders article title","duration":25.03079200000002,"failureMessages":[],"meta":{}},{"ancestorTitles":["NewsCard"],"fullName":"NewsCard links title to article page","status":"passed","title":"links title to article page","duration":23.06549999999993,"failureMessages":[],"meta":{}},{"ancestorTitles":["NewsCard"],"fullName":"NewsCard displays importance badge","status":"passed","title":"displays importance badge","duration":2.006167000000005,"failureMessages":[],"meta":{}},{"ancestorTitles":["NewsCard"],"fullName":"NewsCard displays one-line summary when available","status":"passed","title":"displays one-line summary when available","duration":1.5851669999999558,"failureMessages":[],"meta":{}},{"ancestorTitles":["NewsCard"],"fullName":"NewsCard falls back to summary when one-line is not available","status":"passed","title":"falls back to summary when one-line is not available","duration":1.9764160000001993,"failureMessages":[],"meta":{}},{"ancestorTitles":["NewsCard"],"fullName":"NewsCard omits description when both one-line and summary are missing","status":"failed","title":"omits description when both one-line and summary are missing","duration":5.716125000000147,"failureMessages":["TestingLibraryElementError: Found multiple elements with the text: /OpenAI/\n\nHere are the matching elements:\n\nIgnored nodes: comments, script, style\n\u001b[36m<a\u001b[39m\n  \u001b[33mclass\u001b[39m=\u001b[32m\"hover:underline\"\u001b[39m\n  \u001b[33mhref\u001b[39m=\u001b[32m\"/news/article-123\"\u001b[39m\n\u001b[36m>\u001b[39m\n  \u001b[0mOpenAI Announces GPT-5 with Enhanced Reasoning\u001b[0m\n\u001b[36m</a>\u001b[39m\n\nIgnored nodes: comments, script, style\n\u001b[36m<span\u001b[39m\n  \u001b[33mclass\u001b[39m=\u001b[32m\"font-medium text-zinc-700 dark:text-zinc-300\"\u001b[39m\n\u001b[36m>\u001b[39m\n  \u001b[0mOpenAI Blog\u001b[0m\n\u001b[36m</span>\u001b[39m\n\n(If this is intentional, then use the `*AllBy*` variant of the query (like `queryAllByText`, `getAllByText`, or `findAllByText`)).\n\nIgnored nodes: comments, script, style\n\u001b[36m<body>\u001b[39m\n  \u001b[36m<div>\u001b[39m\n    \u001b[36m<article\u001b[39m\n      \u001b[33mclass\u001b[39m=\u001b[32m\"news-card rounded-xl border border-zinc-200 bg-white p-4 shadow-sm transition hover:shadow-md dark:border-zinc-800 dark:bg-black\"\u001b[39m\n    \u001b[36m>\u001b[39m\n      \u001b[36m<div\u001b[39m\n        \u001b[33mclass\u001b[39m=\u001b[32m\"flex items-start justify-between gap-3\"\u001b[39m\n      \u001b[36m>\u001b[39m\n        \u001b[36m<h2\u001b[39m\n          \u001b[33mclass\u001b[39m=\u001b[32m\"text-base leading-6 font-semibold text-zinc-950 dark:text-zinc-50\"\u001b[39m\n        \u001b[36m>\u001b[39m\n          \u001b[36m<a\u001b[39m\n            \u001b[33mclass\u001b[39m=\u001b[32m\"hover:underline\"\u001b[39m\n            \u001b[33mhref\u001b[39m=\u001b[32m\"/news/article-123\"\u001b[39m\n          \u001b[36m>\u001b[39m\n            \u001b[0mOpenAI Announces GPT-5 with Enhanced Reasoning\u001b[0m\n          \u001b[36m</a>\u001b[39m\n        \u001b[36m</h2>\u001b[39m\n        \u001b[36m<div\u001b[39m\n          \u001b[33mclass\u001b[39m=\u001b[32m\"shrink-0 rounded-md bg-zinc-100 px-2 py-1 text-xs font-medium text-zinc-700 dark:bg-zinc-900 dark:text-zinc-300\"\u001b[39m\n        \u001b[36m>\u001b[39m\n          \u001b[0m85\u001b[0m\n        \u001b[36m</div>\u001b[39m\n      \u001b[36m</div>\u001b[39m\n      \u001b[36m<div\u001b[39m\n        \u001b[33mclass\u001b[39m=\u001b[32m\"mt-3 flex flex-wrap items-center gap-x-3 gap-y-2 text-xs text-zinc-500 dark:text-zinc-400\"\u001b[39m\n      \u001b[36m>\u001b[39m\n        \u001b[36m<span\u001b[39m\n          \u001b[33mclass\u001b[39m=\u001b[32m\"font-medium text-zinc-700 dark:text-zinc-300\"\u001b[39m\n        \u001b[36m>\u001b[39m\n          \u001b[0mOpenAI Blog\u001b[0m\n        \u001b[36m</span>\u001b[39m\n        \u001b[36m<span>\u001b[39m\n          \u001b[0m•\u001b[0m\n        \u001b[36m</span>\u001b[39m\n        \u001b[36m<time\u001b[39m\n          \u001b[33mdatetime\u001b[39m=\u001b[32m\"2024-01-01T00:00:00.000Z\"\u001b[39m\n        \u001b[36m>\u001b[39m\n          \u001b[0m2024-01-01 08:00\u001b[0m\n        \u001b[36m</time>\u001b[39m\n        \u001b[36m<span>\u001b[39m\n          \u001b[0m•\u001b[0m\n        \u001b[36m</span>\u001b[39m\n        \u001b[36m<a\u001b[39m\n          \u001b[33mclass\u001b[39m=\u001b[32m\"hover:underline\"\u001b[39m\n          \u001b[33mhref\u001b[39m=\u001b[32m\"/category/Artificial_Intelligence\"\u001b[39m\n        \u001b[36m>\u001b[39m\n          \u001b[0mArtificial_Intelligence\u001b[0m\n        \u001b[36m</a>\u001b[39m\n        \u001b[36m<span\u001b[39m\n          \u001b[33mclass\u001b[39m=\u001b[32m\"w-full\"\u001b[39m\n        \u001b[36m/>\u001b[39m\n        \u001b[36m<div\u001b[39m\n          \u001b[33mclass\u001b[39m=\u001b[32m\"flex flex-wrap gap-2\"\u001b[39m\n        \u001b[36m>\u001b[39m\n          \u001b[36m<a\u001b[39m\n            \u001b[33mclass\u001b[39m=\u001b[32m\"inline-flex items-center rounded-full border border-zinc-200 bg-white px-2.5 py-0.5 text-xs font-medium text-zinc-700 hover:bg-zinc-50 dark:border-zinc-800 dark:bg-black dark:text-zinc-300 dark:hover:bg-zinc-900\"\u001b[39m\n            \u001b[33mhref\u001b[39m=\u001b[32m\"/tags/openai\"\u001b[39m\n          \u001b[36m>\u001b[39m\n            \u001b[0m#\u001b[0m\n            \u001b[0mopenai\u001b[0m\n          \u001b[36m</a>\u001b[39m\n          \u001b[36m<a\u001b[39m\n            \u001b[33mclass\u001b[39m=\u001b[32m\"inline-flex items-center rounded-full border border-zinc-200 bg-white px-2.5 py-0.5 text-xs font-medium text-zinc-700 hover:bg-zinc-50 dark:border-zinc-800 dark:bg-black dark:text-zinc-300 dark:hover:bg-zinc-900\"\u001b[39m\n            \u001b[33mhref\u001b[39m=\u001b[32m\"/tags/gpt-5\"\u001b[39m\n          \u001b[36m>\u001b[39m\n            \u001b[0m#\u001b[0m\n            \u001b[0mgpt-5\u001b[0m\n          \u001b[36m</a>\u001b[39m\n          \u001b[36m<a\u001b[39m\n            \u001b[33mclass\u001b[39m=\u001b[32m\"inline-flex items-center rounded-full border border-zinc-200 bg-white px-2.5 py-0.5 text-xs font-medium text-zinc-700 hover:bg-zinc-50 dark:border-zinc-800 dark:bg-black dark:text-zinc-300 dark:hover:bg-zinc-900\"\u001b[39m\n            \u001b[33mhref\u001b[39m=\u001b[32m\"/tags/llm\"\u001b[39m\n          \u001b[36m>\u001b[39m\n            \u001b[0m#\u001b[0m\n            \u001b[0mllm\u001b[0m\n          \u001b[36m</a>\u001b[39m\n          \u001b[36m<a\u001b[39m\n            \u001b[33mclass\u001b[39m=\u001b[32m\"inline-flex items-center rounded-full border border-zinc-200 bg-white px-2.5 py-0.5 text-xs font-medium text-zinc-700 hover:bg-zinc-50 dark:border-zinc-800 dark:bg-black dark:text-zinc-300 dark:hover:bg-zinc-900\"\u001b[39m\n            \u001b[33mhref\u001b[39m=\u001b[32m\"/tags/reasoning\"\u001b[39m\n          \u001b[36m>\u001b[39m\n            \u001b[0m#\u001b[0m\n            \u001b[0mreasoning\u001b[0m\n          \u001b[36m</a>\u001b[39m\n        \u001b[36m</div>\u001b[39m\n      \u001b[36m</div>\u001b[39m\n      \u001b[36m<div\u001b[39m\n        \u001b[33mclass\u001b[39m=\u001b[32m\"mt-3 text-xs\"\u001b[39m\n      \u001b[36m>\u001b[39m\n        \u001b[36m<a\u001b[39m\n          \u001b[33mclass\u001b[39m=\u001b[32m\"text-zinc-600 hover:underline dark:text-zinc-300\"\u001b[39m\n          \u001b[33mhref\u001b[39m=\u001b[32m\"https://example.com/openai-gpt5\"\u001b[39m\n          \u001b[33mrel\u001b[39m=\u001b[32m\"noopener noreferrer nofollow\"\u001b[39m\n          \u001b[33mtarget\u001b[39m=\u001b[32m\"_blank\"\u001b[39m\n        \u001b[36m>\u001b[39m\n          \u001b[0mRead original\u001b[0m\n        \u001b[36m</a>\u001b[39m\n      \u001b[36m</div>\u001b[39m\n    \u001b[36m</article>\u001b[39m\n  \u001b[36m</div>\u001b[39m\n\u001b[36m</body>\u001b[39m\n    at Object.getElementError (/Volumes/SSD/dev/new/ai-news/web/node_modules/@testing-library/dom/dist/config.js:37:19)\n    at getElementError (/Volumes/SSD/dev/new/ai-news/web/node_modules/@testing-library/dom/dist/query-helpers.js:20:35)\n    at getMultipleElementsFoundError (/Volumes/SSD/dev/new/ai-news/web/node_modules/@testing-library/dom/dist/query-helpers.js:23:10)\n    at /Volumes/SSD/dev/new/ai-news/web/node_modules/@testing-library/dom/dist/query-helpers.js:55:13\n    at /Volumes/SSD/dev/new/ai-news/web/node_modules/@testing-library/dom/dist/query-helpers.js:95:19\n    at /Volumes/SSD/dev/new/ai-news/web/src/components/news/NewsCard.test.tsx:79:32\n    at file:///Volumes/SSD/dev/new/ai-news/web/node_modules/@vitest/runner/dist/index.js:146:14\n    at file:///Volumes/SSD/dev/new/ai-news/web/node_modules/@vitest/runner/dist/index.js:533:11\n    at runWithTimeout (file:///Volumes/SSD/dev/new/ai-news/web/node_modules/@vitest/runner/dist/index.js:39:7)\n    at runTest (file:///Volumes/SSD/dev/new/ai-news/web/node_modules/@vitest/runner/dist/index.js:1056:17)"],"meta":{}},{"ancestorTitles":["NewsCard"],"fullName":"NewsCard displays source name","status":"passed","title":"displays source name","duration":2.6564590000000408,"failureMessages":[],"meta":{}},{"ancestorTitles":["NewsCard"],"fullName":"NewsCard displays published date","status":"passed","title":"displays published date","duration":1.489417000000003,"failureMessages":[],"meta":{}},{"ancestorTitles":["NewsCard"],"fullName":"NewsCard displays category when available","status":"passed","title":"displays category when available","duration":6.971625000000131,"failureMessages":[],"meta":{}},{"ancestorTitles":["NewsCard"],"fullName":"NewsCard does not display category when not available","status":"passed","title":"does not display category when not available","duration":3.6330829999999423,"failureMessages":[],"meta":{}},{"ancestorTitles":["NewsCard"],"fullName":"NewsCard displays tags","status":"failed","title":"displays tags","duration":1.8191669999998794,"failureMessages":["TestingLibraryElementError: Unable to find an element with the text: openai. This could be because the text is broken up by multiple elements. In this case, you can provide a function for your text matcher to make your matcher more flexible.\n\nIgnored nodes: comments, script, style\n\u001b[36m<body>\u001b[39m\n  \u001b[36m<div>\u001b[39m\n    \u001b[36m<article\u001b[39m\n      \u001b[33mclass\u001b[39m=\u001b[32m\"news-card rounded-xl border border-zinc-200 bg-white p-4 shadow-sm transition hover:shadow-md dark:border-zinc-800 dark:bg-black\"\u001b[39m\n    \u001b[36m>\u001b[39m\n      \u001b[36m<div\u001b[39m\n        \u001b[33mclass\u001b[39m=\u001b[32m\"flex items-start justify-between gap-3\"\u001b[39m\n      \u001b[36m>\u001b[39m\n        \u001b[36m<h2\u001b[39m\n          \u001b[33mclass\u001b[39m=\u001b[32m\"text-base leading-6 font-semibold text-zinc-950 dark:text-zinc-50\"\u001b[39m\n        \u001b[36m>\u001b[39m\n          \u001b[36m<a\u001b[39m\n            \u001b[33mclass\u001b[39m=\u001b[32m\"hover:underline\"\u001b[39m\n            \u001b[33mhref\u001b[39m=\u001b[32m\"/news/article-123\"\u001b[39m\n          \u001b[36m>\u001b[39m\n            \u001b[0mOpenAI Announces GPT-5 with Enhanced Reasoning\u001b[0m\n          \u001b[36m</a>\u001b[39m\n        \u001b[36m</h2>\u001b[39m\n        \u001b[36m<div\u001b[39m\n          \u001b[33mclass\u001b[39m=\u001b[32m\"shrink-0 rounded-md bg-zinc-100 px-2 py-1 text-xs font-medium text-zinc-700 dark:bg-zinc-900 dark:text-zinc-300\"\u001b[39m\n        \u001b[36m>\u001b[39m\n          \u001b[0m85\u001b[0m\n        \u001b[36m</div>\u001b[39m\n      \u001b[36m</div>\u001b[39m\n      \u001b[36m<p\u001b[39m\n        \u001b[33mclass\u001b[39m=\u001b[32m\"mt-2 text-sm leading-6 text-zinc-600 dark:text-zinc-300\"\u001b[39m\n      \u001b[36m>\u001b[39m\n        \u001b[0mThe latest model features significant improvements in reasoning capabilities.\u001b[0m\n      \u001b[36m</p>\u001b[39m\n      \u001b[36m<div\u001b[39m\n        \u001b[33mclass\u001b[39m=\u001b[32m\"mt-3 flex flex-wrap items-center gap-x-3 gap-y-2 text-xs text-zinc-500 dark:text-zinc-400\"\u001b[39m\n      \u001b[36m>\u001b[39m\n        \u001b[36m<span\u001b[39m\n          \u001b[33mclass\u001b[39m=\u001b[32m\"font-medium text-zinc-700 dark:text-zinc-300\"\u001b[39m\n        \u001b[36m>\u001b[39m\n          \u001b[0mOpenAI Blog\u001b[0m\n        \u001b[36m</span>\u001b[39m\n        \u001b[36m<span>\u001b[39m\n          \u001b[0m•\u001b[0m\n        \u001b[36m</span>\u001b[39m\n        \u001b[36m<time\u001b[39m\n          \u001b[33mdatetime\u001b[39m=\u001b[32m\"2024-01-01T00:00:00.000Z\"\u001b[39m\n        \u001b[36m>\u001b[39m\n          \u001b[0m2024-01-01 08:00\u001b[0m\n        \u001b[36m</time>\u001b[39m\n        \u001b[36m<span>\u001b[39m\n          \u001b[0m•\u001b[0m\n        \u001b[36m</span>\u001b[39m\n        \u001b[36m<a\u001b[39m\n          \u001b[33mclass\u001b[39m=\u001b[32m\"hover:underline\"\u001b[39m\n          \u001b[33mhref\u001b[39m=\u001b[32m\"/category/Artificial_Intelligence\"\u001b[39m\n        \u001b[36m>\u001b[39m\n          \u001b[0mArtificial_Intelligence\u001b[0m\n        \u001b[36m</a>\u001b[39m\n        \u001b[36m<span\u001b[39m\n          \u001b[33mclass\u001b[39m=\u001b[32m\"w-full\"\u001b[39m\n        \u001b[36m/>\u001b[39m\n        \u001b[36m<div\u001b[39m\n          \u001b[33mclass\u001b[39m=\u001b[32m\"flex flex-wrap gap-2\"\u001b[39m\n        \u001b[36m>\u001b[39m\n          \u001b[36m<a\u001b[39m\n            \u001b[33mclass\u001b[39m=\u001b[32m\"inline-flex items-center rounded-full border border-zinc-200 bg-white px-2.5 py-0.5 text-xs font-medium text-zinc-700 hover:bg-zinc-50 dark:border-zinc-800 dark:bg-black dark:text-zinc-300 dark:hover:bg-zinc-900\"\u001b[39m\n            \u001b[33mhref\u001b[39m=\u001b[32m\"/tags/openai\"\u001b[39m\n          \u001b[36m>\u001b[39m\n            \u001b[0m#\u001b[0m\n            \u001b[0mopenai\u001b[0m\n          \u001b[36m</a>\u001b[39m\n          \u001b[36m<a\u001b[39m\n            \u001b[33mclass\u001b[39m=\u001b[32m\"inline-flex items-center rounded-full border border-zinc-200 bg-white px-2.5 py-0.5 text-xs font-medium text-zinc-700 hover:bg-zinc-50 dark:border-zinc-800 dark:bg-black dark:text-zinc-300 dark:hover:bg-zinc-900\"\u001b[39m\n            \u001b[33mhref\u001b[39m=\u001b[32m\"/tags/gpt-5\"\u001b[39m\n          \u001b[36m>\u001b[39m\n            \u001b[0m#\u001b[0m\n            \u001b[0mgpt-5\u001b[0m\n          \u001b[36m</a>\u001b[39m\n          \u001b[36m<a\u001b[39m\n            \u001b[33mclass\u001b[39m=\u001b[32m\"inline-flex items-center rounded-full border border-zinc-200 bg-white px-2.5 py-0.5 text-xs font-medium text-zinc-700 hover:bg-zinc-50 dark:border-zinc-800 dark:bg-black dark:text-zinc-300 dark:hover:bg-zinc-900\"\u001b[39m\n            \u001b[33mhref\u001b[39m=\u001b[32m\"/tags/llm\"\u001b[39m\n          \u001b[36m>\u001b[39m\n            \u001b[0m#\u001b[0m\n            \u001b[0mllm\u001b[0m\n          \u001b[36m</a>\u001b[39m\n          \u001b[36m<a\u001b[39m\n            \u001b[33mclass\u001b[39m=\u001b[32m\"inline-flex items-center rounded-full border border-zinc-200 bg-white px-2.5 py-0.5 text-xs font-medium text-zinc-700 hover:bg-zinc-50 dark:border-zinc-800 dark:bg-black dark:text-zinc-300 dark:hover:bg-zinc-900\"\u001b[39m\n            \u001b[33mhref\u001b[39m=\u001b[32m\"/tags/reasoning\"\u001b[39m\n          \u001b[36m>\u001b[39m\n            \u001b[0m#\u001b[0m\n            \u001b[0mreasoning\u001b[0m\n          \u001b[36m</a>\u001b[39m\n        \u001b[36m</div>\u001b[39m\n      \u001b[36m</div>\u001b[39m\n      \u001b[36m<div\u001b[39m\n        \u001b[33mclass\u001b[39m=\u001b[32m\"mt-3 text-xs\"\u001b[39m\n      \u001b[36m>\u001b[39m\n        \u001b[36m<a\u001b[39m\n          \u001b[33mclass\u001b[39m=\u001b[32m\"text-zinc-600 hover:underline dark:text-zinc-300\"\u001b[39m\n          \u001b[33mhref\u001b[39m=\u001b[32m\"https://example.com/openai-gpt5\"\u001b[39m\n          \u001b[33mrel\u001b[39m=\u001b[32m\"noopener noreferrer nofollow\"\u001b[39m\n          \u001b[33mtarget\u001b[39m=\u001b[32m\"_blank\"\u001b[39m\n        \u001b[36m>\u001b[39m\n          \u001b[0mRead original\u001b[0m\n        \u001b[36m</a>\u001b[39m\n      \u001b[36m</div>\u001b[39m\n    \u001b[36m</article>\u001b[39m\n  \u001b[36m</div>\u001b[39m\n\u001b[36m</body>\u001b[39m\n    at Object.getElementError (/Volumes/SSD/dev/new/ai-news/web/node_modules/@testing-library/dom/dist/config.js:37:19)\n    at /Volumes/SSD/dev/new/ai-news/web/node_modules/@testing-library/dom/dist/query-helpers.js:76:38\n    at /Volumes/SSD/dev/new/ai-news/web/node_modules/@testing-library/dom/dist/query-helpers.js:52:17\n    at /Volumes/SSD/dev/new/ai-news/web/node_modules/@testing-library/dom/dist/query-helpers.js:95:19\n    at /Volumes/SSD/dev/new/ai-news/web/src/components/news/NewsCard.test.tsx:113:19\n    at file:///Volumes/SSD/dev/new/ai-news/web/node_modules/@vitest/runner/dist/index.js:146:14\n    at file:///Volumes/SSD/dev/new/ai-news/web/node_modules/@vitest/runner/dist/index.js:533:11\n    at runWithTimeout (file:///Volumes/SSD/dev/new/ai-news/web/node_modules/@vitest/runner/dist/index.js:39:7)\n    at runTest (file:///Volumes/SSD/dev/new/ai-news/web/node_modules/@vitest/runner/dist/index.js:1056:17)\n    at processTicksAndRejections (node:internal/process/task_queues:105:5)"],"meta":{}},{"ancestorTitles":["NewsCard"],"fullName":"NewsCard limits tags to 6","status":"failed","title":"limits tags to 6","duration":1.712582999999995,"failureMessages":["TestingLibraryElementError: Unable to find an element with the text: tag1. This could be because the text is broken up by multiple elements. In this case, you can provide a function for your text matcher to make your matcher more flexible.\n\nIgnored nodes: comments, script, style\n\u001b[36m<body>\u001b[39m\n  \u001b[36m<div>\u001b[39m\n    \u001b[36m<article\u001b[39m\n      \u001b[33mclass\u001b[39m=\u001b[32m\"news-card rounded-xl border border-zinc-200 bg-white p-4 shadow-sm transition hover:shadow-md dark:border-zinc-800 dark:bg-black\"\u001b[39m\n    \u001b[36m>\u001b[39m\n      \u001b[36m<div\u001b[39m\n        \u001b[33mclass\u001b[39m=\u001b[32m\"flex items-start justify-between gap-3\"\u001b[39m\n      \u001b[36m>\u001b[39m\n        \u001b[36m<h2\u001b[39m\n          \u001b[33mclass\u001b[39m=\u001b[32m\"text-base leading-6 font-semibold text-zinc-950 dark:text-zinc-50\"\u001b[39m\n        \u001b[36m>\u001b[39m\n          \u001b[36m<a\u001b[39m\n            \u001b[33mclass\u001b[39m=\u001b[32m\"hover:underline\"\u001b[39m\n            \u001b[33mhref\u001b[39m=\u001b[32m\"/news/article-123\"\u001b[39m\n          \u001b[36m>\u001b[39m\n            \u001b[0mOpenAI Announces GPT-5 with Enhanced Reasoning\u001b[0m\n          \u001b[36m</a>\u001b[39m\n        \u001b[36m</h2>\u001b[39m\n        \u001b[36m<div\u001b[39m\n          \u001b[33mclass\u001b[39m=\u001b[32m\"shrink-0 rounded-md bg-zinc-100 px-2 py-1 text-xs font-medium text-zinc-700 dark:bg-zinc-900 dark:text-zinc-300\"\u001b[39m\n        \u001b[36m>\u001b[39m\n          \u001b[0m85\u001b[0m\n        \u001b[36m</div>\u001b[39m\n      \u001b[36m</div>\u001b[39m\n      \u001b[36m<p\u001b[39m\n        \u001b[33mclass\u001b[39m=\u001b[32m\"mt-2 text-sm leading-6 text-zinc-600 dark:text-zinc-300\"\u001b[39m\n      \u001b[36m>\u001b[39m\n        \u001b[0mThe latest model features significant improvements in reasoning capabilities.\u001b[0m\n      \u001b[36m</p>\u001b[39m\n      \u001b[36m<div\u001b[39m\n        \u001b[33mclass\u001b[39m=\u001b[32m\"mt-3 flex flex-wrap items-center gap-x-3 gap-y-2 text-xs text-zinc-500 dark:text-zinc-400\"\u001b[39m\n      \u001b[36m>\u001b[39m\n        \u001b[36m<span\u001b[39m\n          \u001b[33mclass\u001b[39m=\u001b[32m\"font-medium text-zinc-700 dark:text-zinc-300\"\u001b[39m\n        \u001b[36m>\u001b[39m\n          \u001b[0mOpenAI Blog\u001b[0m\n        \u001b[36m</span>\u001b[39m\n        \u001b[36m<span>\u001b[39m\n          \u001b[0m•\u001b[0m\n        \u001b[36m</span>\u001b[39m\n        \u001b[36m<time\u001b[39m\n          \u001b[33mdatetime\u001b[39m=\u001b[32m\"2024-01-01T00:00:00.000Z\"\u001b[39m\n        \u001b[36m>\u001b[39m\n          \u001b[0m2024-01-01 08:00\u001b[0m\n        \u001b[36m</time>\u001b[39m\n        \u001b[36m<span>\u001b[39m\n          \u001b[0m•\u001b[0m\n        \u001b[36m</span>\u001b[39m\n        \u001b[36m<a\u001b[39m\n          \u001b[33mclass\u001b[39m=\u001b[32m\"hover:underline\"\u001b[39m\n          \u001b[33mhref\u001b[39m=\u001b[32m\"/category/Artificial_Intelligence\"\u001b[39m\n        \u001b[36m>\u001b[39m\n          \u001b[0mArtificial_Intelligence\u001b[0m\n        \u001b[36m</a>\u001b[39m\n        \u001b[36m<span\u001b[39m\n          \u001b[33mclass\u001b[39m=\u001b[32m\"w-full\"\u001b[39m\n        \u001b[36m/>\u001b[39m\n        \u001b[36m<div\u001b[39m\n          \u001b[33mclass\u001b[39m=\u001b[32m\"flex flex-wrap gap-2\"\u001b[39m\n        \u001b[36m>\u001b[39m\n          \u001b[36m<a\u001b[39m\n            \u001b[33mclass\u001b[39m=\u001b[32m\"inline-flex items-center rounded-full border border-zinc-200 bg-white px-2.5 py-0.5 text-xs font-medium text-zinc-700 hover:bg-zinc-50 dark:border-zinc-800 dark:bg-black dark:text-zinc-300 dark:hover:bg-zinc-900\"\u001b[39m\n            \u001b[33mhref\u001b[39m=\u001b[32m\"/tags/tag1\"\u001b[39m\n          \u001b[36m>\u001b[39m\n            \u001b[0m#\u001b[0m\n            \u001b[0mtag1\u001b[0m\n          \u001b[36m</a>\u001b[39m\n          \u001b[36m<a\u001b[39m\n            \u001b[33mclass\u001b[39m=\u001b[32m\"inline-flex items-center rounded-full border border-zinc-200 bg-white px-2.5 py-0.5 text-xs font-medium text-zinc-700 hover:bg-zinc-50 dark:border-zinc-800 dark:bg-black dark:text-zinc-300 dark:hover:bg-zinc-900\"\u001b[39m\n            \u001b[33mhref\u001b[39m=\u001b[32m\"/tags/tag2\"\u001b[39m\n          \u001b[36m>\u001b[39m\n            \u001b[0m#\u001b[0m\n            \u001b[0mtag2\u001b[0m\n          \u001b[36m</a>\u001b[39m\n          \u001b[36m<a\u001b[39m\n            \u001b[33mclass\u001b[39m=\u001b[32m\"inline-flex items-center rounded-full border border-zinc-200 bg-white px-2.5 py-0.5 text-xs font-medium text-zinc-700 hover:bg-zinc-50 dark:border-zinc-800 dark:bg-black dark:text-zinc-300 dark:hover:bg-zinc-900\"\u001b[39m\n            \u001b[33mhref\u001b[39m=\u001b[32m\"/tags/tag3\"\u001b[39m\n          \u001b[36m>\u001b[39m\n            \u001b[0m#\u001b[0m\n            \u001b[0mtag3\u001b[0m\n          \u001b[36m</a>\u001b[39m\n          \u001b[36m<a\u001b[39m\n            \u001b[33mclass\u001b[39m=\u001b[32m\"inline-flex items-center rounded-full border border-zinc-200 bg-white px-2.5 py-0.5 text-xs font-medium text-zinc-700 hover:bg-zinc-50 dark:border-zinc-800 dark:bg-black dark:text-zinc-300 dark:hover:bg-zinc-900\"\u001b[39m\n            \u001b[33mhref\u001b[39m=\u001b[32m\"/tags/tag4\"\u001b[39m\n          \u001b[36m>\u001b[39m\n            \u001b[0m#\u001b[0m\n            \u001b[0mtag4\u001b[0m\n          \u001b[36m</a>\u001b[39m\n          \u001b[36m<a\u001b[39m\n            \u001b[33mclass\u001b[39m=\u001b[32m\"inline-flex items-center rounded-full border border-zinc-200 bg-white px-2.5 py-0.5 text-xs font-medium text-zinc-700 hover:bg-zinc-50 dark:border-zinc-800 dark:bg-black dark:text-zinc-300 dark:hover:bg-zinc-900\"\u001b[39m\n            \u001b[33mhref\u001b[39m=\u001b[32m\"/tags/tag5\"\u001b[39m\n          \u001b[36m>\u001b[39m\n            \u001b[0m#\u001b[0m\n            \u001b[0mtag5\u001b[0m\n          \u001b[36m</a>\u001b[39m\n          \u001b[36m<a\u001b[39m\n            \u001b[33mclass\u001b[39m=\u001b[32m\"inline-flex items-center rounded-full border border-zinc-200 bg-white px-2.5 py-0.5 text-xs font-medium text-zinc-700 hover:bg-zinc-50 dark:border-zinc-800 dark:bg-black dark:text-zinc-300 dark:hover:bg-zinc-900\"\u001b[39m\n            \u001b[33mhref\u001b[39m=\u001b[32m\"/tags/tag6\"\u001b[39m\n          \u001b[36m>\u001b[39m\n            \u001b[0m#\u001b[0m\n            \u001b[0mtag6\u001b[0m\n          \u001b[36m</a>\u001b[39m\n        \u001b[36m</div>\u001b[39m\n      \u001b[36m</div>\u001b[39m\n      \u001b[36m<div\u001b[39m\n        \u001b[33mclass\u001b[39m=\u001b[32m\"mt-3 text-xs\"\u001b[39m\n      \u001b[36m>\u001b[39m\n        \u001b[36m<a\u001b[39m\n          \u001b[33mclass\u001b[39m=\u001b[32m\"text-zinc-600 hover:underline dark:text-zinc-300\"\u001b[39m\n          \u001b[33mhref\u001b[39m=\u001b[32m\"https://example.com/openai-gpt5\"\u001b[39m\n          \u001b[33mrel\u001b[39m=\u001b[32m\"noopener noreferrer nofollow\"\u001b[39m\n          \u001b[33mtarget\u001b[39m=\u001b[32m\"_blank\"\u001b[39m\n        \u001b[36m>\u001b[39m\n          \u001b[0mRead original\u001b[0m\n        \u001b[36m</a>\u001b[39m\n      \u001b[36m</div>\u001b[39m\n    \u001b[36m</article>\u001b[39m\n  \u001b[36m</div>\u001b[39m\n\u001b[36m</body>\u001b[39m\n    at Object.getElementError (/Volumes/SSD/dev/new/ai-news/web/node_modules/@testing-library/dom/dist/config.js:37:19)\n    at /Volumes/SSD/dev/new/ai-news/web/node_modules/@testing-library/dom/dist/query-helpers.js:76:38\n    at /Volumes/SSD/dev/new/ai-news/web/node_modules/@testing-library/dom/dist/query-helpers.js:52:17\n    at /Volumes/SSD/dev/new/ai-news/web/node_modules/@testing-library/dom/dist/query-helpers.js:95:19\n    at /Volumes/SSD/dev/new/ai-news/web/src/components/news/NewsCard.test.tsx:127:19\n    at file:///Volumes/SSD/dev/new/ai-news/web/node_modules/@vitest/runner/dist/index.js:146:14\n    at file:///Volumes/SSD/dev/new/ai-news/web/node_modules/@vitest/runner/dist/index.js:533:11\n    at runWithTimeout (file:///Volumes/SSD/dev/new/ai-news/web/node_modules/@vitest/runner/dist/index.js:39:7)\n    at runTest (file:///Volumes/SSD/dev/new/ai-news/web/node_modules/@vitest/runner/dist/index.js:1056:17)\n    at processTicksAndRejections (node:internal/process/task_queues:105:5)"],"meta":{}},{"ancestorTitles":["NewsCard"],"fullName":"NewsCard displays read original link","status":"passed","title":"displays read original link","duration":2.739708000000064,"failureMessages":[],"meta":{}},{"ancestorTitles":["NewsCard"],"fullName":"NewsCard applies correct styling classes","status":"failed","title":"applies correct styling classes","duration":2.3082079999999223,"failureMessages":["Error: expect(element).toHaveClass(expected)\nAt least one expected class must be provided.\n    at Proxy.expectWrapper (file:///Volumes/SSD/dev/new/ai-news/web/node_modules/@vitest/expect/dist/index.js:1996:19)\n    at Proxy.<anonymous> (file:///Volumes/SSD/dev/new/ai-news/web/node_modules/@vitest/expect/dist/index.js:972:17)\n    at Proxy.methodWrapper (file:///Volumes/SSD/dev/new/ai-news/web/node_modules/chai/index.js:1686:25)\n    at /Volumes/SSD/dev/new/ai-news/web/src/components/news/NewsCard.test.tsx:146:21\n    at file:///Volumes/SSD/dev/new/ai-news/web/node_modules/@vitest/runner/dist/index.js:146:14\n    at file:///Volumes/SSD/dev/new/ai-news/web/node_modules/@vitest/runner/dist/index.js:533:11\n    at runWithTimeout (file:///Volumes/SSD/dev/new/ai-news/web/node_modules/@vitest/runner/dist/index.js:39:7)\n    at runTest (file:///Volumes/SSD/dev/new/ai-news/web/node_modules/@vitest/runner/dist/index.js:1056:17)\n    at processTicksAndRejections (node:internal/process/task_queues:105:5)\n    at runSuite (file:///Volumes/SSD/dev/new/ai-news/web/node_modules/@vitest/runner/dist/index.js:1205:15)"],"meta":{}},{"ancestorTitles":["NewsCard"],"fullName":"NewsCard handles dark mode classes","status":"passed","title":"handles dark mode classes","duration":3.0157500000000255,"failureMessages":[],"meta":{}},{"ancestorTitles":["NewsCard"],"fullName":"NewsCard renders without tags","status":"passed","title":"renders without tags","duration":2.1867919999999685,"failureMessages":[],"meta":{}},{"ancestorTitles":["NewsCard"],"fullName":"NewsCard renders with null ogImage","status":"passed","title":"renders with null ogImage","duration":2.4134160000000975,"failureMessages":[],"meta":{}},{"ancestorTitles":["NewsCard"],"fullName":"NewsCard escapes HTML in title","status":"failed","title":"escapes HTML in title","duration":3.0402500000000146,"failureMessages":["Error: expect(element).not.toBeInTheDocument()\n\nexpected document not to contain element, f
[...]
lidates language enum","duration":0.280208000000016,"failureMessages":[],"meta":{}},{"ancestorTitles":["validation schemas","newsListQuerySchema"],"fullName":"validation schemas newsListQuerySchema rejects invalid language","status":"passed","title":"rejects invalid language","duration":0.23233299999992596,"failureMessages":[],"meta":{}},{"ancestorTitles":["validation schemas","newsListQuerySchema"],"fullName":"validation schemas newsListQuerySchema trims whitespace from strings","status":"passed","title":"trims whitespace from strings","duration":0.08125000000006821,"failureMessages":[],"meta":{}},{"ancestorTitles":["validation schemas","newsListQuerySchema"],"fullName":"validation schemas newsListQuerySchema validates minImportance range","status":"passed","title":"validates minImportance range","duration":0.09083299999997507,"failureMessages":[],"meta":{}},{"ancestorTitles":["validation schemas","newsListQuerySchema"],"fullName":"validation schemas newsListQuerySchema validates limit as positive integer","status":"passed","title":"validates limit as positive integer","duration":0.06533300000000963,"failureMessages":[],"meta":{}},{"ancestorTitles":["validation schemas","newsListQuerySchema"],"fullName":"validation schemas newsListQuerySchema accepts zero for minImportance","status":"passed","title":"accepts zero for minImportance","duration":0.8148750000000291,"failureMessages":[],"meta":{}},{"ancestorTitles":["validation schemas","searchQuerySchema"],"fullName":"validation schemas searchQuerySchema validates valid search query","status":"passed","title":"validates valid search query","duration":0.2393329999999878,"failureMessages":[],"meta":{}},{"ancestorTitles":["validation schemas","searchQuerySchema"],"fullName":"validation schemas searchQuerySchema defaults q to empty string","status":"passed","title":"defaults q to empty string","duration":0.08179100000006656,"failureMessages":[],"meta":{}},{"ancestorTitles":["validation schemas","searchQuerySchema"],"fullName":"validation schemas searchQuerySchema trims query string","status":"passed","title":"trims query string","duration":0.06616600000006656,"failureMessages":[],"meta":{}},{"ancestorTitles":["validation schemas","searchQuerySchema"],"fullName":"validation schemas searchQuerySchema enforces max query length","status":"passed","title":"enforces max query length","duration":0.06533400000000711,"failureMessages":[],"meta":{}},{"ancestorTitles":["validation schemas","searchQuerySchema"],"fullName":"validation schemas searchQuerySchema accepts max length query","status":"passed","title":"accepts max length query","duration":0.04699999999991178,"failureMessages":[],"meta":{}},{"ancestorTitles":["validation schemas","ingestBodySchema"],"fullName":"validation schemas ingestBodySchema validates required fields","status":"passed","title":"validates required fields","duration":0.4031250000000455,"failureMessages":[],"meta":{}},{"ancestorTitles":["validation schemas","ingestBodySchema"],"fullName":"validation schemas ingestBodySchema validates URL format","status":"passed","title":"validates URL format","duration":0.11170800000002146,"failureMessages":[],"meta":{}},{"ancestorTitles":["validation schemas","ingestBodySchema"],"fullName":"validation schemas ingestBodySchema accepts valid URLs","status":"passed","title":"accepts valid URLs","duration":0.42058299999996507,"failureMessages":[],"meta":{}},{"ancestorTitles":["validation schemas","ingestBodySchema"],"fullName":"validation schemas ingestBodySchema validates max URL length","status":"failed","title":"validates max URL length","duration":5.958665999999994,"failureMessages":["AssertionError: expected true to be false // Object.is equality\n    at /Volumes/SSD/dev/new/ai-news/web/src/lib/validation/schemas.test.ts:205:30\n    at file:///Volumes/SSD/dev/new/ai-news/web/node_modules/@vitest/runner/dist/index.js:146:14\n    at file:///Volumes/SSD/dev/new/ai-news/web/node_modules/@vitest/runner/dist/index.js:533:11\n    at runWithTimeout (file:///Volumes/SSD/dev/new/ai-news/web/node_modules/@vitest/runner/dist/index.js:39:7)\n    at runTest (file:///Volumes/SSD/dev/new/ai-news/web/node_modules/@vitest/runner/dist/index.js:1056:17)\n    at processTicksAndRejections (node:internal/process/task_queues:105:5)\n    at runSuite (file:///Volumes/SSD/dev/new/ai-news/web/node_modules/@vitest/runner/dist/index.js:1205:15)\n    at runSuite (file:///Volumes/SSD/dev/new/ai-news/web/node_modules/@vitest/runner/dist/index.js:1205:15)\n    at runSuite (file:///Volumes/SSD/dev/new/ai-news/web/node_modules/@vitest/runner/dist/index.js:1205:15)\n    at runFiles (file:///Volumes/SSD/dev/new/ai-news/web/node_modules/@vitest/runner/dist/index.js:1262:5)"],"meta":{}},{"ancestorTitles":["validation schemas","ingestBodySchema"],"fullName":"validation schemas ingestBodySchema validates publishedAt is positive integer","status":"passed","title":"validates publishedAt is positive integer","duration":0.20783299999993687,"failureMessages":[],"meta":{}},{"ancestorTitles":["validation schemas","ingestBodySchema"],"fullName":"validation schemas ingestBodySchema validates publishedAt is not too far in future","status":"passed","title":"validates publishedAt is not too far in future","duration":0.24787500000002183,"failureMessages":[],"meta":{}},{"ancestorTitles":["validation schemas","ingestBodySchema"],"fullName":"validation schemas ingestBodySchema allows optional fields","status":"passed","title":"allows optional fields","duration":0.2081670000000031,"failureMessages":[],"meta":{}},{"ancestorTitles":["validation schemas","ingestBodySchema"],"fullName":"validation schemas ingestBodySchema validates importance range","status":"passed","title":"validates importance range","duration":0.1287920000000895,"failureMessages":[],"meta":{}},{"ancestorTitles":["validation schemas","ingestBodySchema"],"fullName":"validation schemas ingestBodySchema validates tags array","status":"passed","title":"validates tags array","duration":2.4845410000000356,"failureMessages":[],"meta":{}},{"ancestorTitles":["validation schemas","ingestBodySchema"],"fullName":"validation schemas ingestBodySchema validates max tags count","status":"passed","title":"validates max tags count","duration":0.2989579999999705,"failureMessages":[],"meta":{}},{"ancestorTitles":["validation schemas","ingestBodySchema"],"fullName":"validation schemas ingestBodySchema validates contentFormat enum","status":"passed","title":"validates contentFormat enum","duration":0.2317919999999276,"failureMessages":[],"meta":{}},{"ancestorTitles":["validation schemas","ingestBodySchema"],"fullName":"validation schemas ingestBodySchema validates language code length","status":"passed","title":"validates language code length","duration":0.0913749999999709,"failureMessages":[],"meta":{}},{"ancestorTitles":["validation schemas","adminSourceUpdateSchema"],"fullName":"validation schemas adminSourceUpdateSchema validates valid source update","status":"passed","title":"validates valid source update","duration":0.06799999999998363,"failureMessages":[],"meta":{}},{"ancestorTitles":["validation schemas","adminSourceUpdateSchema"],"fullName":"validation schemas adminSourceUpdateSchema allows optional errorCountDelta","status":"passed","title":"allows optional errorCountDelta","duration":0.0542920000000322,"failureMessages":[],"meta":{}},{"ancestorTitles":["validation schemas","revalidateBodySchema"],"fullName":"validation schemas revalidateBodySchema defaults type to 'all'","status":"passed","title":"defaults type to 'all'","duration":0.06337500000006457,"failureMessages":[],"meta":{}},{"ancestorTitles":["validation schemas","revalidateBodySchema"],"fullName":"validation schemas revalidateBodySchema validates type enum","status":"passed","title":"validates type enum","duration":0.04045799999994415,"failureMessages":[],"meta":{}},{"ancestorTitles":["validation schemas","revalidateBodySchema"],"fullName":"validation schemas revalidateBodySchema allows optional id","status":"passed","title":"allows optional id","duration":0.04212500000005548,"failureMessages":[],"meta":{}},{"ancestorTitles":["validation schemas","jwtPayloadSchema"],"fullName":"validation schemas jwtPayloadSchema validates valid JWT payload","status":"passed","title":"validates valid JWT payload","duration":0.048874999999952706,"failureMessages":[],"meta":{}},{"ancestorTitles":["validation schemas","jwtPayloadSchema"],"fullName":"validation schemas jwtPayloadSchema validates type enum","status":"passed","title":"validates type enum","duration":0.05433400000003985,"failureMessages":[],"meta":{}},{"ancestorTitles":["validation schemas","jwtPayloadSchema"],"fullName":"validation schemas jwtPayloadSchema requires all fields","status":"passed","title":"requires all fields","duration":0.066208999999958,"failureMessages":[],"meta":{}},{"ancestorTitles":["validation schemas","adminLoginSchema"],"fullName":"validation schemas adminLoginSchema validates valid login","status":"passed","title":"validates valid login","duration":0.044083999999998014,"failureMessages":[],"meta":{}},{"ancestorTitles":["validation schemas","adminLoginSchema"],"fullName":"validation schemas adminLoginSchema validates username min length","status":"passed","title":"validates username min length","duration":0.04508299999997689,"failureMessages":[],"meta":{}},{"ancestorTitles":["validation schemas","adminLoginSchema"],"fullName":"validation schemas adminLoginSchema validates password min length","status":"passed","title":"validates password min length","duration":0.04029199999990851,"failureMessages":[],"meta":{}},{"ancestorTitles":["validation schemas","enum schemas","categoryEnum"],"fullName":"validation schemas enum schemas categoryEnum accepts all valid categories","status":"passed","title":"accepts all valid categories","duration":0.08520900000007714,"failureMessages":[],"meta":{}},{"ancestorTitles":["validation schemas","enum schemas","categoryEnum"],"fullName":"validation schemas enum schemas categoryEnum rejects invalid categories","status":"passed","title":"rejects invalid categories","duration":0.05629199999998491,"failureMessages":[],"meta":{}},{"ancestorTitles":["validation schemas","enum schemas","languageEnum"],"fullName":"validation schemas enum schemas languageEnum accepts all valid languages","status":"passed","title":"accepts all valid languages","duration":0.09874999999999545,"failureMessages":[],"meta":{}},{"ancestorTitles":["validation schemas","enum schemas","languageEnum"],"fullName":"validation schemas enum schemas languageEnum rejects invalid languages","status":"passed","title":"rejects invalid languages","duration":0.0432500000000573,"failureMessages":[],"meta":{}},{"ancestorTitles":["validation schemas","enum schemas","sourceTypeEnum"],"fullName":"validation schemas enum schemas sourceTypeEnum accepts all valid types","status":"passed","title":"accepts all valid types","duration":0.06387500000005275,"failureMessages":[],"meta":{}},{"ancestorTitles":["validation schemas","enum schemas","sourceTypeEnum"],"fullName":"validation schemas enum schemas sourceTypeEnum rejects invalid types","status":"passed","title":"rejects invalid types","duration":0.04166699999996126,"failureMessages":[],"meta":{}},{"ancestorTitles":["validation schemas","enum schemas","contentFormatEnum"],"fullName":"validation schemas enum schemas contentFormatEnum accepts all valid formats","status":"passed","title":"accepts all valid formats","duration":0.056541000000038366,"failureMessages":[],"meta":{}},{"ancestorTitles":["validation schemas","paginationSchema"],"fullName":"validation schemas paginationSchema validates limit parameter","status":"passed","title":"validates limit parameter","duration":0.05595800000003237,"failureMessages":[],"meta":{}},{"ancestorTitles":["validation schemas","paginationSchema"],"fullName":"validation schemas paginationSchema allows optional cursor","status":"passed","title":"allows optional cursor","duration":0.04041600000005019,"failureMessages":[],"meta":{}},{"ancestorTitles":["validation schemas","dateRangeSchema"],"fullName":"validation schemas dateRangeSchema transforms date strings to timestamps","status":"passed","title":"transforms date strings to timestamps","duration":0.092708000000016,"failureMessages":[],"meta":{}},{"ancestorTitles":["validation schemas","dateRangeSchema"],"fullName":"validation schemas dateRangeSchema handles invalid dates","status":"passed","title":"handles invalid dates","duration":0.0439169999999649,"failureMessages":[],"meta":{}},{"ancestorTitles":["validation schemas","helper functions","formatValidationError"],"fullName":"validation schemas helper functions formatValidationError formats Zod error correctly","status":"passed","title":"formats Zod error correctly","duration":0.3982500000000755,"failureMessages":[],"meta":{}},{"ancestorTitles":["validation schemas","helper functions","formatValidationError"],"fullName":"validation schemas helper functions formatValidationError includes field errors","status":"passed","title":"includes field errors","duration":0.07145900000000438,"failureMessages":[],"meta":{}},{"ancestorTitles":["validation schemas","helper functions","validateQuery"],"fullName":"validation schemas helper functions validateQuery validates URLSearchParams","status":"passed","title":"validates URLSearchParams","duration":0.2319159999999556,"failureMessages":[],"meta":{}},{"ancestorTitles":["validation schemas","helper functions","sanitizeString"],"fullName":"validation schemas helper functions sanitizeString escapes HTML characters","status":"passed","title":"escapes HTML characters","duration":0.12649999999996453,"failureMessages":[],"meta":{}},{"ancestorTitles":["validation schemas","helper functions","sanitizeString"],"fullName":"validation schemas helper functions sanitizeString escapes quotes","status":"passed","title":"escapes quotes","duration":0.05075000000010732,"failureMessages":[],"meta":{}},{"ancestorTitles":["validation schemas","helper functions","sanitizeString"],"fullName":"validation schemas helper functions sanitizeString escapes forward slash","status":"passed","title":"escapes forward slash","duration":0.04362500000002001,"failureMessages":[],"meta":{}},{"ancestorTitles":["validation schemas","helper functions","sanitizeString"],"fullName":"validation schemas helper functions sanitizeString handles empty string","status":"passed","title":"handles empty string","duration":0.03987500000005184,"failureMessages":[],"meta":{}},{"ancestorTitles":["validation schemas","helper functions","validateTags"],"fullName":"validation schemas helper functions validateTags returns array of valid tags","status":"passed","title":"returns array of valid tags","duration":0.12354100000004564,"failureMessages":[],"meta":{}},{"ancestorTitles":["validation schemas","helper functions","validateTags"],"fullName":"validation schemas helper functions validateTags filters empty tags","status":"failed","title":"filters empty tags","duration":0.8809999999999718,"failureMessages":["AssertionError: expected [] to deeply equal [ 'valid', 'also-valid' ]\n    at /Volumes/SSD/dev/new/ai-news/web/src/lib/validation/schemas.test.ts:610:22\n    at file:///Volumes/SSD/dev/new/ai-news/web/node_modules/@vitest/runner/dist/index.js:146:14\n    at file:///Volumes/SSD/dev/new/ai-news/web/node_modules/@vitest/runner/dist/index.js:533:11\n    at runWithTimeout (file:///Volumes/SSD/dev/new/ai-news/web/node_modules/@vitest/runner/dist/index.js:39:7)\n    at runTest (file:///Volumes/SSD/dev/new/ai-news/web/node_modules/@vitest/runner/dist/index.js:1056:17)\n    at processTicksAndRejections (node:internal/process/task_queues:105:5)\n    at runSuite (file:///Volumes/SSD/dev/new/ai-news/web/node_modules/@vitest/runner/dist/index.js:1205:15)\n    at runSuite (file:///Volumes/SSD/dev/new/ai-news/web/node_modules/@vitest/runner/dist/index.js:1205:15)\n    at runSuite (file:///Volumes/SSD/dev/new/ai-news/web/node_modules/@vitest/runner/dist/index.js:1205:15)\n    at runSuite (file:///Volumes/SSD/dev/new/ai-news/web/node_modules/@vitest/runner/dist/index.js:1205:15)"],"meta":{}},{"ancestorTitles":["validation schemas","helper functions","validateTags"],"fullName":"validation schemas helper functions validateTags returns empty array for invalid input","status":"passed","title":"returns empty array for invalid input","duration":0.10900000000003729,"failureMessages":[],"meta":{}},{"ancestorTitles":["validation schemas","helper functions","validateTags"],"fullName":"validation schemas helper functions validateTags limits max tags","status":"passed","title":"limits max tags","duration":0.08208400000000893,"failureMessages":[],"meta":{}},{"ancestorTitles":["validation schemas","helper functions","validateTags"],"fullName":"validation schemas helper functions validateTags trims tag whitespace","status":"passed","title":"trims tag whitespace","duration":0.13329099999998562,"failureMessages":[],"meta":{}},{"ancestorTitles":["validation schemas","schemas export"],"fullName":"validation schemas schemas export exports all schema groups","status":"passed","title":"exports all schema groups","duration":0.1059579999999869,"failureMessages":[],"meta":{}},{"ancestorTitles":["validation schemas","schemas export"],"fullName":"validation schemas schemas export exports correct schemas","status":"passed","title":"exports correct schemas","duration":0.06291599999997288,"failureMessages":[],"meta":{}},{"ancestorTitles":["validation schemas","edge cases"],"fullName":"validation schemas edge cases handles null values in optional fields","status":"passed","title":"handles null values in optional fields","duration":0.0976660000000038,"failureMessages":[],"meta":{}},{"ancestorTitles":["validation schemas","edge cases"],"fullName":"validation schemas edge cases handles very long string values","status":"failed","title":"handles very long string values","duration":0.2991660000000138,"failureMessages":["AssertionError: expected true to be false // Object.is equality\n    at /Volumes/SSD/dev/new/ai-news/web/src/lib/validation/schemas.test.ts:676:30\n    at file:///Volumes/SSD/dev/new/ai-news/web/node_modules/@vitest/runner/dist/index.js:146:14\n    at file:///Volumes/SSD/dev/new/ai-news/web/node_modules/@vitest/runner/dist/index.js:533:11\n    at runWithTimeout (file:///Volumes/SSD/dev/new/ai-news/web/node_modules/@vitest/runner/dist/index.js:39:7)\n    at runTest (file:///Volumes/SSD/dev/new/ai-news/web/node_modules/@vitest/runner/dist/index.js:1056:17)\n    at processTicksAndRejections (node:internal/process/task_queues:105:5)\n    at runSuite (file:///Volumes/SSD/dev/new/ai-news/web/node_modules/@vitest/runner/dist/index.js:1205:15)\n    at runSuite (file:///Volumes/SSD/dev/new/ai-news/web/node_modules/@vitest/runner/dist/index.js:1205:15)\n    at runSuite (file:///Volumes/SSD/dev/new/ai-news/web/node_modules/@vitest/runner/dist/index.js:1205:15)\n    at runFiles (file:///Volumes/SSD/dev/new/ai-news/web/node_modules/@vitest/runner/dist/index.js:1262:5)"],"meta":{}},{"ancestorTitles":["validation schemas","edge cases"],"fullName":"validation schemas edge cases handles special characters in strings","status":"passed","title":"handles special characters in strings","duration":0.08258299999999963,"failureMessages":[],"meta":{}},{"ancestorTitles":["validation schemas","edge cases"],"fullName":"validation schemas edge cases handles numeric strings","status":"passed","title":"handles numeric strings","duration":0.06912499999998545,"failureMessages":[],"meta":{}},{"ancestorTitles":["validation schemas","edge cases"],"fullName":"validation schemas edge cases rejects non-numeric strings for numeric fields","status":"passed","title":"rejects non-numeric strings for numeric fields","duration":0.04754200000002129,"failureMessages":[],"meta":{}}],"startTime":1767007104664,"endTime":1767007104684.299,"status":"failed","message":"","name":"/Volumes/SSD/dev/new/ai-news/web/src/lib/validation/schemas.test.ts"}]}